Weld Production
Weld Line 1 	475.00
Weld Line 2 	475.00

Avg Carrier Wait Time BLine:	0.11
Avg Carrier Wait Time CLine:	0.05
Avg Daily Changeovers BLine:	5.17
Avg Daily Changeovers CLine:	3.96
Avg Recirculations/Shift:	0.00
Avg Early Pulls for A-Bay Cleanup:	0.05
Avg Mixed Lanes:	0.63
Avg Clean Lanes:	34.37

Carriers	Average	Max	Min
Loaded:	485.44	639	194
Empty:	184.56	476	31

B Line Press States
Production	64.62
DieChange	4.73
NoScheduledRuns	0.54
NoCarriers	0.68
Blocked	0.00
Down	18.32
PlannedDT	11.11

C Line Press States
Production	62.09
DieChange	5.87
NoScheduledRuns	3.23
NoCarriers	0.45
Blocked	0.00
Down	17.30
PlannedDT	11.06

Weld Line 1 Starved
Starved/Day	0.45
Avg Starved Time (min)	6.60
Starved %	0.33

Weld Line 2 Starved
Starved/Day	0.03
Avg Starved Time (min)	0.00
Starved %	0.00
