Weld Production
Weld Line 1 	475.00
Weld Line 2 	474.91

Avg Carrier Wait Time BLine:	0.06
Avg Carrier Wait Time CLine:	0.01
Avg Daily Changeovers BLine:	5.90
Avg Daily Changeovers CLine:	4.00
Avg Recirculations/Shift:	0.00
Avg Early Pulls for A-Bay Cleanup:	0.00
Avg Mixed Lanes:	0.14
Avg Clean Lanes:	34.86

Carriers	Average	Max	Min
Loaded:	422.75	634	219
Empty:	247.25	451	36

B Line Press States
Production	64.85
DieChange	5.40
NoScheduledRuns	0.00
NoCarriers	0.11
Blocked	0.00
Down	18.53
PlannedDT	11.11

C Line Press States
Production	62.36
DieChange	5.72
NoScheduledRuns	2.67
NoCarriers	0.02
Blocked	0.01
Down	18.11
PlannedDT	11.11

Weld Line 1 Starved
Starved/Day	0.17
Avg Starved Time (min)	13.35
Starved %	0.26

Weld Line 2 Starved
Starved/Day	0.20
Avg Starved Time (min)	4.75
Starved %	0.11
