Weld Production
Weld Line 1 	475.00
Weld Line 2 	474.93

Avg Carrier Wait Time BLine:	0.13
Avg Carrier Wait Time CLine:	0.01
Avg Daily Changeovers BLine:	5.51
Avg Daily Changeovers CLine:	4.20
Avg Recirculations/Shift:	0.01
Avg Early Pulls for A-Bay Cleanup:	0.00
Avg Mixed Lanes:	0.61
Avg Clean Lanes:	34.39

Carriers	Average	Max	Min
Loaded:	451.56	643	237
Empty:	218.44	433	27

B Line Press States
Production	64.99
DieChange	5.12
NoScheduledRuns	0.37
NoCarriers	0.77
Blocked	0.00
Down	17.63
PlannedDT	11.11

C Line Press States
Production	62.35
DieChange	6.10
NoScheduledRuns	2.41
NoCarriers	0.17
Blocked	0.00
Down	17.87
PlannedDT	11.10

Weld Line 1 Starved
Starved/Day	0.13
Avg Starved Time (min)	6.60
Starved %	0.09

Weld Line 2 Starved
Starved/Day	0.10
Avg Starved Time (min)	4.45
Starved %	0.05
