Weld Production
Weld Line 1 	475.00
Weld Line 2 	475.00

Avg Carrier Wait Time BLine:	0.11
Avg Carrier Wait Time CLine:	0.01
Avg Daily Changeovers BLine:	6.13
Avg Daily Changeovers CLine:	4.06
Avg Recirculations/Shift:	0.01
Avg Early Pulls for A-Bay Cleanup:	0.05
Avg Mixed Lanes:	0.37
Avg Clean Lanes:	34.63

Carriers	Average	Max	Min
Loaded:	416.93	652	193
Empty:	253.07	477	18

B Line Press States
Production	64.36
DieChange	5.64
NoScheduledRuns	0.15
NoCarriers	0.56
Blocked	0.01
Down	18.16
PlannedDT	11.11

C Line Press States
Production	62.08
DieChange	5.72
NoScheduledRuns	3.08
NoCarriers	0.19
Blocked	0.01
Down	17.80
PlannedDT	11.11

Weld Line 1 Starved
Starved/Day	0.05
Avg Starved Time (min)	11.83
Starved %	0.07

Weld Line 2 Starved
Starved/Day	0.13
Avg Starved Time (min)	5.24
Starved %	0.07
