Weld Production
Weld Line 1 	475.00
Weld Line 2 	474.89

Avg Carrier Wait Time BLine:	0.07
Avg Carrier Wait Time CLine:	0.04
Avg Daily Changeovers BLine:	5.86
Avg Daily Changeovers CLine:	3.96
Avg Recirculations/Shift:	0.00
Avg Early Pulls for A-Bay Cleanup:	0.04
Avg Mixed Lanes:	0.31
Avg Clean Lanes:	34.69

Carriers	Average	Max	Min
Loaded:	435.04	638	276
Empty:	234.96	394	32

B Line Press States
Production	64.81
DieChange	5.35
NoScheduledRuns	0.00
NoCarriers	0.19
Blocked	0.00
Down	18.53
PlannedDT	11.11

C Line Press States
Production	62.05
DieChange	5.46
NoScheduledRuns	3.05
NoCarriers	0.00
Blocked	0.21
Down	18.12
PlannedDT	11.11

Weld Line 1 Starved
Starved/Day	0.28
Avg Starved Time (min)	11.47
Starved %	0.35

Weld Line 2 Starved
Starved/Day	0.07
Avg Starved Time (min)	12.12
Starved %	0.10
