Weld Production
Weld Line 1 	474.94
Weld Line 2 	475.00

Avg Carrier Wait Time BLine:	0.23
Avg Carrier Wait Time CLine:	0.05
Avg Daily Changeovers BLine:	5.17
Avg Daily Changeovers CLine:	4.21
Avg Recirculations/Shift:	0.03
Avg Early Pulls for A-Bay Cleanup:	0.03
Avg Mixed Lanes:	0.88
Avg Clean Lanes:	34.12

Carriers	Average	Max	Min
Loaded:	480.42	646	273
Empty:	189.58	397	24

B Line Press States
Production	64.73
DieChange	4.80
NoScheduledRuns	1.10
NoCarriers	1.63
Blocked	0.00
Down	16.62
PlannedDT	11.11

C Line Press States
Production	62.68
DieChange	6.05
NoScheduledRuns	2.18
NoCarriers	0.97
Blocked	0.01
Down	17.10
PlannedDT	11.02

Weld Line 1 Starved
Starved/Day	0.03
Avg Starved Time (min)	0.00
Starved %	0.00

Weld Line 2 Starved
Starved/Day	0.03
Avg Starved Time (min)	0.00
Starved %	0.00
