Weld Production
Weld Line 1 	475.00
Weld Line 2 	474.96

Avg Carrier Wait Time BLine:	0.16
Avg Carrier Wait Time CLine:	0.02
Avg Daily Changeovers BLine:	5.09
Avg Daily Changeovers CLine:	3.96
Avg Recirculations/Shift:	0.07
Avg Early Pulls for A-Bay Cleanup:	0.06
Avg Mixed Lanes:	1.52
Avg Clean Lanes:	33.48

Carriers	Average	Max	Min
Loaded:	492.51	645	247
Empty:	177.49	423	25

B Line Press States
Production	64.37
DieChange	4.63
NoScheduledRuns	1.14
NoCarriers	1.12
Blocked	0.00
Down	17.63
PlannedDT	11.11

C Line Press States
Production	61.95
DieChange	5.40
NoScheduledRuns	2.45
NoCarriers	1.46
Blocked	0.07
Down	17.79
PlannedDT	10.88

Weld Line 1 Starved
Starved/Day	0.07
Avg Starved Time (min)	11.67
Starved %	0.10

Weld Line 2 Starved
Starved/Day	0.03
Avg Starved Time (min)	0.00
Starved %	0.00
