Weld Production
Weld Line 1 	474.93
Weld Line 2 	475.00

Avg Carrier Wait Time BLine:	0.21
Avg Carrier Wait Time CLine:	0.02
Avg Daily Changeovers BLine:	5.41
Avg Daily Changeovers CLine:	3.84
Avg Recirculations/Shift:	0.00
Avg Early Pulls for A-Bay Cleanup:	0.05
Avg Mixed Lanes:	0.94
Avg Clean Lanes:	34.06

Carriers	Average	Max	Min
Loaded:	474.52	646	287
Empty:	195.48	383	24

B Line Press States
Production	65.19
DieChange	4.92
NoScheduledRuns	0.72
NoCarriers	1.43
Blocked	0.00
Down	16.62
PlannedDT	11.11

C Line Press States
Production	62.06
DieChange	5.38
NoScheduledRuns	4.05
NoCarriers	0.25
Blocked	0.03
Down	17.18
PlannedDT	11.06

Weld Line 1 Starved
Starved/Day	0.03
Avg Starved Time (min)	0.00
Starved %	0.00

Weld Line 2 Starved
Starved/Day	0.03
Avg Starved Time (min)	0.00
Starved %	0.00
