Weld Production
Weld Line 1 	474.89
Weld Line 2 	475.00

Avg Carrier Wait Time BLine:	0.11
Avg Carrier Wait Time CLine:	0.02
Avg Daily Changeovers BLine:	5.30
Avg Daily Changeovers CLine:	3.89
Avg Recirculations/Shift:	0.03
Avg Early Pulls for A-Bay Cleanup:	0.16
Avg Mixed Lanes:	1.02
Avg Clean Lanes:	33.98

Carriers	Average	Max	Min
Loaded:	487.45	644	272
Empty:	182.55	398	26

B Line Press States
Production	65.14
DieChange	4.89
NoScheduledRuns	0.58
NoCarriers	0.55
Blocked	0.00
Down	17.72
PlannedDT	11.11

C Line Press States
Production	61.37
DieChange	5.60
NoScheduledRuns	3.39
NoCarriers	0.82
Blocked	0.05
Down	17.72
PlannedDT	11.05

Weld Line 1 Starved
Starved/Day	0.05
Avg Starved Time (min)	0.48
Starved %	0.00

Weld Line 2 Starved
Starved/Day	0.03
Avg Starved Time (min)	0.00
Starved %	0.00
