Weld Production
Weld Line 1 	474.44
Weld Line 2 	474.91

Avg Carrier Wait Time BLine:	0.12
Avg Carrier Wait Time CLine:	0.05
Avg Daily Changeovers BLine:	5.89
Avg Daily Changeovers CLine:	4.10
Avg Recirculations/Shift:	0.01
Avg Early Pulls for A-Bay Cleanup:	0.06
Avg Mixed Lanes:	0.54
Avg Clean Lanes:	34.46

Carriers	Average	Max	Min
Loaded:	438.10	649	229
Empty:	231.90	441	21

B Line Press States
Production	63.72
DieChange	5.46
NoScheduledRuns	0.24
NoCarriers	0.75
Blocked	0.00
Down	18.73
PlannedDT	11.11

C Line Press States
Production	61.78
DieChange	5.77
NoScheduledRuns	3.50
NoCarriers	0.24
Blocked	0.25
Down	17.36
PlannedDT	11.10

Weld Line 1 Starved
Starved/Day	0.20
Avg Starved Time (min)	5.76
Starved %	0.13

Weld Line 2 Starved
Starved/Day	0.25
Avg Starved Time (min)	7.73
Starved %	0.22
