Weld Production
Weld Line 1 	474.18
Weld Line 2 	475.00

Avg Carrier Wait Time BLine:	0.15
Avg Carrier Wait Time CLine:	0.02
Avg Daily Changeovers BLine:	5.60
Avg Daily Changeovers CLine:	4.36
Avg Recirculations/Shift:	0.05
Avg Early Pulls for A-Bay Cleanup:	0.23
Avg Mixed Lanes:	0.52
Avg Clean Lanes:	34.48

Carriers	Average	Max	Min
Loaded:	433.79	656	206
Empty:	236.21	464	14

B Line Press States
Production	64.31
DieChange	4.91
NoScheduledRuns	0.70
NoCarriers	0.97
Blocked	0.00
Down	18.00
PlannedDT	11.11

C Line Press States
Production	62.36
DieChange	6.02
NoScheduledRuns	1.44
NoCarriers	1.13
Blocked	0.25
Down	17.75
PlannedDT	11.04

Weld Line 1 Starved
Starved/Day	0.28
Avg Starved Time (min)	14.16
Starved %	0.43

Weld Line 2 Starved
Starved/Day	0.07
Avg Starved Time (min)	5.70
Starved %	0.05
