Weld Production
Weld Line 1 	475.00
Weld Line 2 	474.94

Avg Carrier Wait Time BLine:	0.19
Avg Carrier Wait Time CLine:	0.04
Avg Daily Changeovers BLine:	5.20
Avg Daily Changeovers CLine:	3.89
Avg Recirculations/Shift:	0.03
Avg Early Pulls for A-Bay Cleanup:	0.13
Avg Mixed Lanes:	1.08
Avg Clean Lanes:	33.92

Carriers	Average	Max	Min
Loaded:	496.35	655	303
Empty:	173.65	367	15

B Line Press States
Production	64.49
DieChange	4.68
NoScheduledRuns	0.80
NoCarriers	1.30
Blocked	0.00
Down	17.63
PlannedDT	11.11

C Line Press States
Production	62.09
DieChange	5.25
NoScheduledRuns	2.92
NoCarriers	1.04
Blocked	0.01
Down	17.73
PlannedDT	10.97

Weld Line 1 Starved
Starved/Day	0.05
Avg Starved Time (min)	0.29
Starved %	0.00

Weld Line 2 Starved
Starved/Day	0.10
Avg Starved Time (min)	9.29
Starved %	0.10
