Weld Production
Weld Line 1 	474.94
Weld Line 2 	475.00

Avg Carrier Wait Time BLine:	0.19
Avg Carrier Wait Time CLine:	0.02
Avg Daily Changeovers BLine:	5.11
Avg Daily Changeovers CLine:	3.90
Avg Recirculations/Shift:	0.04
Avg Early Pulls for A-Bay Cleanup:	0.11
Avg Mixed Lanes:	1.60
Avg Clean Lanes:	33.40

Carriers	Average	Max	Min
Loaded:	499.92	644	256
Empty:	170.08	414	26

B Line Press States
Production	64.84
DieChange	4.63
NoScheduledRuns	1.36
NoCarriers	1.43
Blocked	0.00
Down	16.62
PlannedDT	11.11

C Line Press States
Production	61.53
DieChange	5.56
NoScheduledRuns	3.51
NoCarriers	1.24
Blocked	0.01
Down	17.10
PlannedDT	11.06

Weld Line 1 Starved
Starved/Day	0.10
Avg Starved Time (min)	13.98
Starved %	0.15

Weld Line 2 Starved
Starved/Day	0.03
Avg Starved Time (min)	0.00
Starved %	0.00
