Weld Production
Weld Line 1 	475.00
Weld Line 2 	474.91

Avg Carrier Wait Time BLine:	0.08
Avg Carrier Wait Time CLine:	0.02
Avg Daily Changeovers BLine:	5.94
Avg Daily Changeovers CLine:	3.92
Avg Recirculations/Shift:	0.00
Avg Early Pulls for A-Bay Cleanup:	0.07
Avg Mixed Lanes:	0.26
Avg Clean Lanes:	34.74

Carriers	Average	Max	Min
Loaded:	432.87	641	250
Empty:	237.13	420	29

B Line Press States
Production	64.58
DieChange	5.44
NoScheduledRuns	0.00
NoCarriers	0.34
Blocked	0.00
Down	18.53
PlannedDT	11.11

C Line Press States
Production	61.69
DieChange	5.64
NoScheduledRuns	3.39
NoCarriers	0.00
Blocked	0.05
Down	18.12
PlannedDT	11.11

Weld Line 1 Starved
Starved/Day	0.13
Avg Starved Time (min)	9.51
Starved %	0.13

Weld Line 2 Starved
Starved/Day	0.13
Avg Starved Time (min)	15.96
Starved %	0.22
