Weld Production
Weld Line 1 	475.00
Weld Line 2 	474.61

Avg Carrier Wait Time BLine:	0.09
Avg Carrier Wait Time CLine:	0.03
Avg Daily Changeovers BLine:	5.36
Avg Daily Changeovers CLine:	4.10
Avg Recirculations/Shift:	0.01
Avg Early Pulls for A-Bay Cleanup:	0.06
Avg Mixed Lanes:	0.48
Avg Clean Lanes:	34.52

Carriers	Average	Max	Min
Loaded:	464.93	645	234
Empty:	205.07	436	25

B Line Press States
Production	64.40
DieChange	4.82
NoScheduledRuns	1.20
NoCarriers	0.46
Blocked	0.00
Down	18.00
PlannedDT	11.11

C Line Press States
Production	61.59
DieChange	5.74
NoScheduledRuns	2.75
NoCarriers	0.58
Blocked	0.41
Down	17.81
PlannedDT	11.11

Weld Line 1 Starved
Starved/Day	0.33
Avg Starved Time (min)	9.01
Starved %	0.32

Weld Line 2 Starved
Starved/Day	0.05
Avg Starved Time (min)	15.76
Starved %	0.09
