Weld Production
Weld Line 1 	475.00
Weld Line 2 	475.00

Avg Carrier Wait Time BLine:	0.10
Avg Carrier Wait Time CLine:	0.01
Avg Daily Changeovers BLine:	5.34
Avg Daily Changeovers CLine:	4.01
Avg Recirculations/Shift:	0.01
Avg Early Pulls for A-Bay Cleanup:	0.10
Avg Mixed Lanes:	0.72
Avg Clean Lanes:	34.28

Carriers	Average	Max	Min
Loaded:	469.50	643	256
Empty:	200.50	414	27

B Line Press States
Production	64.76
DieChange	4.87
NoScheduledRuns	0.58
NoCarriers	0.52
Blocked	0.00
Down	18.16
PlannedDT	11.11

C Line Press States
Production	61.91
DieChange	5.61
NoScheduledRuns	3.17
NoCarriers	0.49
Blocked	0.01
Down	17.78
PlannedDT	11.03

Weld Line 1 Starved
Starved/Day	0.17
Avg Starved Time (min)	8.51
Starved %	0.16

Weld Line 2 Starved
Starved/Day	0.05
Avg Starved Time (min)	4.71
Starved %	0.03
