Weld Production
Weld Line 1 	475.00
Weld Line 2 	474.96

Avg Carrier Wait Time BLine:	0.15
Avg Carrier Wait Time CLine:	0.02
Avg Daily Changeovers BLine:	5.17
Avg Daily Changeovers CLine:	4.00
Avg Recirculations/Shift:	0.00
Avg Early Pulls for A-Bay Cleanup:	0.03
Avg Mixed Lanes:	0.69
Avg Clean Lanes:	34.31

Carriers	Average	Max	Min
Loaded:	486.54	640	281
Empty:	183.46	389	30

B Line Press States
Production	64.59
DieChange	4.73
NoScheduledRuns	0.98
NoCarriers	0.99
Blocked	0.00
Down	17.60
PlannedDT	11.11

C Line Press States
Production	62.11
DieChange	5.79
NoScheduledRuns	2.92
NoCarriers	0.20
Blocked	0.01
Down	17.88
PlannedDT	11.09

Weld Line 1 Starved
Starved/Day	0.10
Avg Starved Time (min)	7.06
Starved %	0.08

Weld Line 2 Starved
Starved/Day	0.03
Avg Starved Time (min)	0.00
Starved %	0.00
