Weld Production
Weld Line 1 	475.00
Weld Line 2 	474.98

Avg Carrier Wait Time BLine:	0.11
Avg Carrier Wait Time CLine:	0.03
Avg Daily Changeovers BLine:	5.33
Avg Daily Changeovers CLine:	3.99
Avg Recirculations/Shift:	0.01
Avg Early Pulls for A-Bay Cleanup:	0.00
Avg Mixed Lanes:	0.90
Avg Clean Lanes:	34.10

Carriers	Average	Max	Min
Loaded:	481.10	645	247
Empty:	188.90	423	25

B Line Press States
Production	64.16
DieChange	4.86
NoScheduledRuns	1.19
NoCarriers	0.46
Blocked	0.00
Down	18.22
PlannedDT	11.11

C Line Press States
Production	59.97
DieChange	5.75
NoScheduledRuns	2.97
NoCarriers	0.72
Blocked	1.65
Down	17.84
PlannedDT	11.10

Weld Line 1 Starved
Starved/Day	0.05
Avg Starved Time (min)	1.81
Starved %	0.01

Weld Line 2 Starved
Starved/Day	0.03
Avg Starved Time (min)	0.00
Starved %	0.00
