Weld Production
Weld Line 1 	475.00
Weld Line 2 	474.96

Avg Carrier Wait Time BLine:	0.08
Avg Carrier Wait Time CLine:	0.03
Avg Daily Changeovers BLine:	5.26
Avg Daily Changeovers CLine:	4.31
Avg Recirculations/Shift:	0.00
Avg Early Pulls for A-Bay Cleanup:	0.05
Avg Mixed Lanes:	0.63
Avg Clean Lanes:	34.37

Carriers	Average	Max	Min
Loaded:	460.94	643	238
Empty:	209.06	432	27

B Line Press States
Production	64.71
DieChange	4.81
NoScheduledRuns	1.40
NoCarriers	0.47
Blocked	0.00
Down	17.49
PlannedDT	11.11

C Line Press States
Production	62.24
DieChange	6.28
NoScheduledRuns	2.35
NoCarriers	0.46
Blocked	0.10
Down	17.51
PlannedDT	11.06

Weld Line 1 Starved
Starved/Day	0.07
Avg Starved Time (min)	2.64
Starved %	0.02

Weld Line 2 Starved
Starved/Day	0.03
Avg Starved Time (min)	0.00
Starved %	0.00
