Weld Production
Weld Line 1 	475.00
Weld Line 2 	475.00

Avg Carrier Wait Time BLine:	0.16
Avg Carrier Wait Time CLine:	0.01
Avg Daily Changeovers BLine:	5.33
Avg Daily Changeovers CLine:	4.01
Avg Recirculations/Shift:	0.00
Avg Early Pulls for A-Bay Cleanup:	0.14
Avg Mixed Lanes:	0.67
Avg Clean Lanes:	34.33

Carriers	Average	Max	Min
Loaded:	478.41	658	242
Empty:	191.59	428	12

B Line Press States
Production	63.93
DieChange	4.87
NoScheduledRuns	1.04
NoCarriers	1.05
Blocked	0.00
Down	18.00
PlannedDT	11.11

C Line Press States
Production	62.05
DieChange	5.59
NoScheduledRuns	2.74
NoCarriers	0.78
Blocked	0.00
Down	17.72
PlannedDT	11.11

Weld Line 1 Starved
Starved/Day	0.10
Avg Starved Time (min)	5.14
Starved %	0.06

Weld Line 2 Starved
Starved/Day	0.15
Avg Starved Time (min)	3.22
Starved %	0.05
