Weld Production
Weld Line 1 	474.91
Weld Line 2 	474.91

Avg Carrier Wait Time BLine:	0.12
Avg Carrier Wait Time CLine:	0.02
Avg Daily Changeovers BLine:	5.34
Avg Daily Changeovers CLine:	4.11
Avg Recirculations/Shift:	0.04
Avg Early Pulls for A-Bay Cleanup:	0.07
Avg Mixed Lanes:	1.16
Avg Clean Lanes:	33.84

Carriers	Average	Max	Min
Loaded:	466.69	650	245
Empty:	203.31	425	20

B Line Press States
Production	64.34
DieChange	4.79
NoScheduledRuns	0.38
NoCarriers	0.64
Blocked	0.00
Down	18.73
PlannedDT	11.11

C Line Press States
Production	62.33
DieChange	5.80
NoScheduledRuns	3.19
NoCarriers	0.28
Blocked	0.01
Down	17.32
PlannedDT	11.06

Weld Line 1 Starved
Starved/Day	0.15
Avg Starved Time (min)	9.94
Starved %	0.16

Weld Line 2 Starved
Starved/Day	0.03
Avg Starved Time (min)	0.00
Starved %	0.00
