Weld Production
Weld Line 1 	475.00
Weld Line 2 	475.00

Avg Carrier Wait Time BLine:	0.05
Avg Carrier Wait Time CLine:	0.01
Avg Daily Changeovers BLine:	5.86
Avg Daily Changeovers CLine:	4.29
Avg Recirculations/Shift:	0.01
Avg Early Pulls for A-Bay Cleanup:	0.04
Avg Mixed Lanes:	0.57
Avg Clean Lanes:	34.43

Carriers	Average	Max	Min
Loaded:	428.78	630	215
Empty:	241.22	455	40

B Line Press States
Production	65.31
DieChange	5.23
NoScheduledRuns	0.17
NoCarriers	0.01
Blocked	0.00
Down	18.16
PlannedDT	11.11

C Line Press States
Production	62.08
DieChange	6.05
NoScheduledRuns	2.64
NoCarriers	0.35
Blocked	0.00
Down	17.77
PlannedDT	11.10

Weld Line 1 Starved
Starved/Day	0.23
Avg Starved Time (min)	9.69
Starved %	0.24

Weld Line 2 Starved
Starved/Day	0.03
Avg Starved Time (min)	0.00
Starved %	0.00
