Weld Production
Weld Line 1 	475.00
Weld Line 2 	474.95

Avg Carrier Wait Time BLine:	0.09
Avg Carrier Wait Time CLine:	0.06
Avg Daily Changeovers BLine:	5.17
Avg Daily Changeovers CLine:	4.06
Avg Recirculations/Shift:	0.00
Avg Early Pulls for A-Bay Cleanup:	0.11
Avg Mixed Lanes:	0.93
Avg Clean Lanes:	34.07

Carriers	Average	Max	Min
Loaded:	474.95	653	269
Empty:	195.05	401	17

B Line Press States
Production	64.74
DieChange	4.83
NoScheduledRuns	1.38
NoCarriers	0.44
Blocked	0.00
Down	17.49
PlannedDT	11.11

C Line Press States
Production	62.56
DieChange	5.70
NoScheduledRuns	2.04
NoCarriers	1.13
Blocked	0.00
Down	17.50
PlannedDT	11.06

Weld Line 1 Starved
Starved/Day	0.07
Avg Starved Time (min)	15.80
Starved %	0.13

Weld Line 2 Starved
Starved/Day	0.03
Avg Starved Time (min)	0.00
Starved %	0.00
