Weld Production
Weld Line 1 	475.00
Weld Line 2 	474.96

Avg Carrier Wait Time BLine:	0.16
Avg Carrier Wait Time CLine:	0.02
Avg Daily Changeovers BLine:	5.33
Avg Daily Changeovers CLine:	4.05
Avg Recirculations/Shift:	0.05
Avg Early Pulls for A-Bay Cleanup:	0.04
Avg Mixed Lanes:	1.10
Avg Clean Lanes:	33.90

Carriers	Average	Max	Min
Loaded:	471.67	654	241
Empty:	198.33	429	16

B Line Press States
Production	64.55
DieChange	4.84
NoScheduledRuns	0.88
NoCarriers	0.99
Blocked	0.00
Down	17.63
PlannedDT	11.11

C Line Press States
Production	62.64
DieChange	5.58
NoScheduledRuns	2.22
NoCarriers	0.53
Blocked	0.09
Down	17.87
PlannedDT	11.07

Weld Line 1 Starved
Starved/Day	0.35
Avg Starved Time (min)	10.13
Starved %	0.39

Weld Line 2 Starved
Starved/Day	0.03
Avg Starved Time (min)	0.00
Starved %	0.00
