Weld Production
Weld Line 1 	475.00
Weld Line 2 	475.00

Avg Carrier Wait Time BLine:	0.16
Avg Carrier Wait Time CLine:	0.01
Avg Daily Changeovers BLine:	5.31
Avg Daily Changeovers CLine:	4.16
Avg Recirculations/Shift:	0.01
Avg Early Pulls for A-Bay Cleanup:	0.00
Avg Mixed Lanes:	0.75
Avg Clean Lanes:	34.25

Carriers	Average	Max	Min
Loaded:	471.74	640	282
Empty:	198.26	388	30

B Line Press States
Production	64.23
DieChange	4.81
NoScheduledRuns	0.72
NoCarriers	1.12
Blocked	0.00
Down	18.00
PlannedDT	11.11

C Line Press States
Production	61.59
DieChange	5.94
NoScheduledRuns	2.95
NoCarriers	0.62
Blocked	0.00
Down	17.81
PlannedDT	11.10

Weld Line 1 Starved
Starved/Day	0.07
Avg Starved Time (min)	9.43
Starved %	0.08

Weld Line 2 Starved
Starved/Day	0.03
Avg Starved Time (min)	0.00
Starved %	0.00
