Weld Production
Weld Line 1 	474.82
Weld Line 2 	474.10

Avg Carrier Wait Time BLine:	0.04
Avg Carrier Wait Time CLine:	0.03
Avg Daily Changeovers BLine:	6.24
Avg Daily Changeovers CLine:	3.94
Avg Recirculations/Shift:	0.00
Avg Early Pulls for A-Bay Cleanup:	0.05
Avg Mixed Lanes:	0.02
Avg Clean Lanes:	34.98

Carriers	Average	Max	Min
Loaded:	396.98	600	216
Empty:	273.02	454	70

B Line Press States
Production	64.66
DieChange	5.70
NoScheduledRuns	0.00
NoCarriers	0.00
Blocked	0.00
Down	18.53
PlannedDT	11.11

C Line Press States
Production	62.73
DieChange	5.62
NoScheduledRuns	2.32
NoCarriers	0.00
Blocked	0.10
Down	18.12
PlannedDT	11.11

Weld Line 1 Starved
Starved/Day	0.45
Avg Starved Time (min)	7.43
Starved %	0.37

Weld Line 2 Starved
Starved/Day	0.80
Avg Starved Time (min)	12.84
Starved %	1.14
