Weld Production
Weld Line 1 	474.94
Weld Line 2 	475.00

Avg Carrier Wait Time BLine:	0.07
Avg Carrier Wait Time CLine:	0.02
Avg Daily Changeovers BLine:	5.19
Avg Daily Changeovers CLine:	4.26
Avg Recirculations/Shift:	0.04
Avg Early Pulls for A-Bay Cleanup:	0.03
Avg Mixed Lanes:	0.97
Avg Clean Lanes:	34.03

Carriers	Average	Max	Min
Loaded:	482.49	637	266
Empty:	187.51	404	33

B Line Press States
Production	65.35
DieChange	4.78
NoScheduledRuns	1.98
NoCarriers	0.16
Blocked	0.00
Down	16.62
PlannedDT	11.11

C Line Press States
Production	61.76
DieChange	5.97
NoScheduledRuns	3.47
NoCarriers	0.53
Blocked	0.03
Down	17.17
PlannedDT	11.06

Weld Line 1 Starved
Starved/Day	0.35
Avg Starved Time (min)	7.36
Starved %	0.28

Weld Line 2 Starved
Starved/Day	0.03
Avg Starved Time (min)	0.00
Starved %	0.00
