Weld Production
Weld Line 1 	475.00
Weld Line 2 	474.96

Avg Carrier Wait Time BLine:	0.10
Avg Carrier Wait Time CLine:	0.04
Avg Daily Changeovers BLine:	5.25
Avg Daily Changeovers CLine:	4.04
Avg Recirculations/Shift:	0.03
Avg Early Pulls for A-Bay Cleanup:	0.05
Avg Mixed Lanes:	0.80
Avg Clean Lanes:	34.20

Carriers	Average	Max	Min
Loaded:	488.33	644	240
Empty:	181.67	430	26

B Line Press States
Production	64.64
DieChange	4.70
NoScheduledRuns	0.81
NoCarriers	0.53
Blocked	0.00
Down	18.22
PlannedDT	11.11

C Line Press States
Production	61.58
DieChange	5.45
NoScheduledRuns	2.98
NoCarriers	0.73
Blocked	0.45
Down	17.80
PlannedDT	11.01

Weld Line 1 Starved
Starved/Day	0.10
Avg Starved Time (min)	8.70
Starved %	0.10

Weld Line 2 Starved
Starved/Day	0.03
Avg Starved Time (min)	0.00
Starved %	0.00
