Weld Production
Weld Line 1 	475.00
Weld Line 2 	474.95

Avg Carrier Wait Time BLine:	0.15
Avg Carrier Wait Time CLine:	0.10
Avg Daily Changeovers BLine:	5.38
Avg Daily Changeovers CLine:	3.91
Avg Recirculations/Shift:	0.00
Avg Early Pulls for A-Bay Cleanup:	0.00
Avg Mixed Lanes:	0.70
Avg Clean Lanes:	34.30

Carriers	Average	Max	Min
Loaded:	479.57	652	277
Empty:	190.43	393	18

B Line Press States
Production	65.03
DieChange	4.91
NoScheduledRuns	0.62
NoCarriers	0.85
Blocked	0.00
Down	17.49
PlannedDT	11.11

C Line Press States
Production	61.01
DieChange	5.39
NoScheduledRuns	3.20
NoCarriers	0.74
Blocked	1.16
Down	17.55
PlannedDT	10.95

Weld Line 1 Starved
Starved/Day	0.20
Avg Starved Time (min)	7.24
Starved %	0.16

Weld Line 2 Starved
Starved/Day	0.03
Avg Starved Time (min)	0.00
Starved %	0.00
