Weld Production
Weld Line 1 	475.00
Weld Line 2 	474.91

Avg Carrier Wait Time BLine:	0.16
Avg Carrier Wait Time CLine:	0.02
Avg Daily Changeovers BLine:	5.22
Avg Daily Changeovers CLine:	4.01
Avg Recirculations/Shift:	0.00
Avg Early Pulls for A-Bay Cleanup:	0.09
Avg Mixed Lanes:	1.14
Avg Clean Lanes:	33.86

Carriers	Average	Max	Min
Loaded:	488.26	644	309
Empty:	181.74	361	26

B Line Press States
Production	64.04
DieChange	4.87
NoScheduledRuns	0.30
NoCarriers	1.14
Blocked	0.00
Down	18.53
PlannedDT	11.11

C Line Press States
Production	61.84
DieChange	5.65
NoScheduledRuns	2.94
NoCarriers	0.61
Blocked	0.02
Down	18.01
PlannedDT	10.94

Weld Line 1 Starved
Starved/Day	0.03
Avg Starved Time (min)	0.00
Starved %	0.00

Weld Line 2 Starved
Starved/Day	0.03
Avg Starved Time (min)	0.00
Starved %	0.00
