Weld Production
Weld Line 1 	474.50
Weld Line 2 	475.00

Avg Carrier Wait Time BLine:	0.16
Avg Carrier Wait Time CLine:	0.02
Avg Daily Changeovers BLine:	5.24
Avg Daily Changeovers CLine:	4.05
Avg Recirculations/Shift:	0.01
Avg Early Pulls for A-Bay Cleanup:	0.03
Avg Mixed Lanes:	0.90
Avg Clean Lanes:	34.10

Carriers	Average	Max	Min
Loaded:	484.18	644	289
Empty:	185.82	381	26

B Line Press States
Production	65.19
DieChange	4.79
NoScheduledRuns	1.18
NoCarriers	1.10
Blocked	0.00
Down	16.62
PlannedDT	11.11

C Line Press States
Production	61.67
DieChange	5.77
NoScheduledRuns	3.76
NoCarriers	0.66
Blocked	0.00
Down	17.07
PlannedDT	11.07

Weld Line 1 Starved
Starved/Day	0.13
Avg Starved Time (min)	6.72
Starved %	0.09

Weld Line 2 Starved
Starved/Day	0.03
Avg Starved Time (min)	0.00
Starved %	0.00
