Weld Production
Weld Line 1 	475.00
Weld Line 2 	475.00

Avg Carrier Wait Time BLine:	0.11
Avg Carrier Wait Time CLine:	0.02
Avg Daily Changeovers BLine:	5.67
Avg Daily Changeovers CLine:	4.16
Avg Recirculations/Shift:	0.00
Avg Early Pulls for A-Bay Cleanup:	0.00
Avg Mixed Lanes:	0.52
Avg Clean Lanes:	34.48

Carriers	Average	Max	Min
Loaded:	431.96	649	193
Empty:	238.04	477	21

B Line Press States
Production	64.56
DieChange	5.09
NoScheduledRuns	0.23
NoCarriers	0.69
Blocked	0.00
Down	18.32
PlannedDT	11.11

C Line Press States
Production	62.39
DieChange	5.70
NoScheduledRuns	3.27
NoCarriers	0.19
Blocked	0.03
Down	17.30
PlannedDT	11.11

Weld Line 1 Starved
Starved/Day	0.40
Avg Starved Time (min)	8.95
Starved %	0.40

Weld Line 2 Starved
Starved/Day	0.07
Avg Starved Time (min)	7.01
Starved %	0.06
