Weld Production
Weld Line 1 	475.00
Weld Line 2 	474.95

Avg Carrier Wait Time BLine:	0.18
Avg Carrier Wait Time CLine:	0.02
Avg Daily Changeovers BLine:	5.29
Avg Daily Changeovers CLine:	3.89
Avg Recirculations/Shift:	0.01
Avg Early Pulls for A-Bay Cleanup:	0.14
Avg Mixed Lanes:	0.85
Avg Clean Lanes:	34.15

Carriers	Average	Max	Min
Loaded:	484.57	651	286
Empty:	185.43	384	19

B Line Press States
Production	64.31
DieChange	4.88
NoScheduledRuns	0.90
NoCarriers	1.31
Blocked	0.00
Down	17.49
PlannedDT	11.11

C Line Press States
Production	60.07
DieChange	5.70
NoScheduledRuns	3.38
NoCarriers	0.84
Blocked	1.37
Down	17.54
PlannedDT	11.10

Weld Line 1 Starved
Starved/Day	0.03
Avg Starved Time (min)	0.00
Starved %	0.00

Weld Line 2 Starved
Starved/Day	0.03
Avg Starved Time (min)	0.00
Starved %	0.00
