Weld Production
Weld Line 1 	475.00
Weld Line 2 	474.91

Avg Carrier Wait Time BLine:	0.11
Avg Carrier Wait Time CLine:	0.02
Avg Daily Changeovers BLine:	5.10
Avg Daily Changeovers CLine:	4.11
Avg Recirculations/Shift:	0.00
Avg Early Pulls for A-Bay Cleanup:	0.11
Avg Mixed Lanes:	1.16
Avg Clean Lanes:	33.84

Carriers	Average	Max	Min
Loaded:	480.56	645	250
Empty:	189.44	420	25

B Line Press States
Production	64.50
DieChange	4.67
NoScheduledRuns	0.55
NoCarriers	0.66
Blocked	0.00
Down	18.50
PlannedDT	11.11

C Line Press States
Production	62.18
DieChange	5.50
NoScheduledRuns	2.39
NoCarriers	0.95
Blocked	0.02
Down	17.99
PlannedDT	10.97

Weld Line 1 Starved
Starved/Day	0.07
Avg Starved Time (min)	2.59
Starved %	0.02

Weld Line 2 Starved
Starved/Day	0.03
Avg Starved Time (min)	0.00
Starved %	0.00
