Weld Production
Weld Line 1 	475.00
Weld Line 2 	474.96

Avg Carrier Wait Time BLine:	0.05
Avg Carrier Wait Time CLine:	0.02
Avg Daily Changeovers BLine:	5.01
Avg Daily Changeovers CLine:	4.28
Avg Recirculations/Shift:	0.00
Avg Early Pulls for A-Bay Cleanup:	0.01
Avg Mixed Lanes:	0.85
Avg Clean Lanes:	34.15

Carriers	Average	Max	Min
Loaded:	486.03	642	268
Empty:	183.97	402	28

B Line Press States
Production	64.94
DieChange	4.63
NoScheduledRuns	1.77
NoCarriers	0.06
Blocked	0.00
Down	17.49
PlannedDT	11.11

C Line Press States
Production	62.07
DieChange	6.19
NoScheduledRuns	2.43
NoCarriers	0.63
Blocked	0.04
Down	17.52
PlannedDT	11.11

Weld Line 1 Starved
Starved/Day	0.10
Avg Starved Time (min)	14.82
Starved %	0.16

Weld Line 2 Starved
Starved/Day	0.03
Avg Starved Time (min)	0.00
Starved %	0.00
