Weld Production
Weld Line 1 	475.00
Weld Line 2 	475.00

Avg Carrier Wait Time BLine:	0.09
Avg Carrier Wait Time CLine:	0.03
Avg Daily Changeovers BLine:	5.46
Avg Daily Changeovers CLine:	4.01
Avg Recirculations/Shift:	0.01
Avg Early Pulls for A-Bay Cleanup:	0.05
Avg Mixed Lanes:	0.85
Avg Clean Lanes:	34.15

Carriers	Average	Max	Min
Loaded:	470.95	645	242
Empty:	199.05	428	25

B Line Press States
Production	65.19
DieChange	4.87
NoScheduledRuns	0.18
NoCarriers	0.48
Blocked	0.00
Down	18.16
PlannedDT	11.11

C Line Press States
Production	61.86
DieChange	5.59
NoScheduledRuns	2.62
NoCarriers	1.14
Blocked	0.12
Down	17.69
PlannedDT	10.98

Weld Line 1 Starved
Starved/Day	0.10
Avg Starved Time (min)	5.01
Starved %	0.06

Weld Line 2 Starved
Starved/Day	0.05
Avg Starved Time (min)	0.43
Starved %	0.00
