Weld Production
Weld Line 1 	475.00
Weld Line 2 	474.95

Avg Carrier Wait Time BLine:	0.16
Avg Carrier Wait Time CLine:	0.02
Avg Daily Changeovers BLine:	5.14
Avg Daily Changeovers CLine:	3.98
Avg Recirculations/Shift:	0.04
Avg Early Pulls for A-Bay Cleanup:	0.05
Avg Mixed Lanes:	0.85
Avg Clean Lanes:	34.15

Carriers	Average	Max	Min
Loaded:	495.60	647	328
Empty:	174.40	342	23

B Line Press States
Production	64.34
DieChange	4.79
NoScheduledRuns	1.04
NoCarriers	1.14
Blocked	0.00
Down	17.58
PlannedDT	11.11

C Line Press States
Production	61.84
DieChange	5.70
NoScheduledRuns	2.26
NoCarriers	1.22
Blocked	0.02
Down	17.86
PlannedDT	11.10

Weld Line 1 Starved
Starved/Day	0.07
Avg Starved Time (min)	4.32
Starved %	0.04

Weld Line 2 Starved
Starved/Day	0.03
Avg Starved Time (min)	0.00
Starved %	0.00
