Weld Production
Weld Line 1 	475.00
Weld Line 2 	474.98

Avg Carrier Wait Time BLine:	0.12
Avg Carrier Wait Time CLine:	0.03
Avg Daily Changeovers BLine:	5.46
Avg Daily Changeovers CLine:	3.99
Avg Recirculations/Shift:	0.01
Avg Early Pulls for A-Bay Cleanup:	0.05
Avg Mixed Lanes:	0.55
Avg Clean Lanes:	34.45

Carriers	Average	Max	Min
Loaded:	469.31	645	263
Empty:	200.69	407	25

B Line Press States
Production	64.54
DieChange	4.99
NoScheduledRuns	0.54
NoCarriers	0.61
Blocked	0.00
Down	18.22
PlannedDT	11.11

C Line Press States
Production	61.71
DieChange	5.51
NoScheduledRuns	3.17
NoCarriers	0.71
Blocked	0.13
Down	17.82
PlannedDT	10.96

Weld Line 1 Starved
Starved/Day	0.03
Avg Starved Time (min)	0.00
Starved %	0.00

Weld Line 2 Starved
Starved/Day	0.03
Avg Starved Time (min)	0.00
Starved %	0.00
