Weld Production
Weld Line 1 	475.00
Weld Line 2 	475.00

Avg Carrier Wait Time BLine:	0.18
Avg Carrier Wait Time CLine:	0.02
Avg Daily Changeovers BLine:	5.22
Avg Daily Changeovers CLine:	4.01
Avg Recirculations/Shift:	0.00
Avg Early Pulls for A-Bay Cleanup:	0.01
Avg Mixed Lanes:	0.72
Avg Clean Lanes:	34.28

Carriers	Average	Max	Min
Loaded:	481.60	655	244
Empty:	188.40	426	15

B Line Press States
Production	63.86
DieChange	4.76
NoScheduledRuns	0.80
NoCarriers	1.15
Blocked	0.00
Down	18.32
PlannedDT	11.11

C Line Press States
Production	61.70
DieChange	5.59
NoScheduledRuns	3.93
NoCarriers	0.42
Blocked	0.00
Down	17.25
PlannedDT	11.10

Weld Line 1 Starved
Starved/Day	0.17
Avg Starved Time (min)	11.29
Starved %	0.22

Weld Line 2 Starved
Starved/Day	0.15
Avg Starved Time (min)	6.55
Starved %	0.11
