Weld Production
Weld Line 1 	475.00
Weld Line 2 	475.00

Avg Carrier Wait Time BLine:	0.11
Avg Carrier Wait Time CLine:	0.02
Avg Daily Changeovers BLine:	5.28
Avg Daily Changeovers CLine:	3.85
Avg Recirculations/Shift:	0.00
Avg Early Pulls for A-Bay Cleanup:	0.06
Avg Mixed Lanes:	1.09
Avg Clean Lanes:	33.91

Carriers	Average	Max	Min
Loaded:	490.10	640	251
Empty:	179.90	419	30

B Line Press States
Production	64.39
DieChange	4.70
NoScheduledRuns	0.84
NoCarriers	0.65
Blocked	0.00
Down	18.32
PlannedDT	11.11

C Line Press States
Production	62.61
DieChange	5.25
NoScheduledRuns	2.83
NoCarriers	1.07
Blocked	0.04
Down	17.16
PlannedDT	11.04

Weld Line 1 Starved
Starved/Day	0.03
Avg Starved Time (min)	0.00
Starved %	0.00

Weld Line 2 Starved
Starved/Day	0.03
Avg Starved Time (min)	0.00
Starved %	0.00
