Weld Production
Weld Line 1 	475.00
Weld Line 2 	475.00

Avg Carrier Wait Time BLine:	0.12
Avg Carrier Wait Time CLine:	0.01
Avg Daily Changeovers BLine:	5.30
Avg Daily Changeovers CLine:	4.11
Avg Recirculations/Shift:	0.01
Avg Early Pulls for A-Bay Cleanup:	0.20
Avg Mixed Lanes:	1.65
Avg Clean Lanes:	33.35

Carriers	Average	Max	Min
Loaded:	475.15	644	262
Empty:	194.85	408	26

B Line Press States
Production	64.63
DieChange	4.73
NoScheduledRuns	0.82
NoCarriers	0.71
Blocked	0.00
Down	18.00
PlannedDT	11.11

C Line Press States
Production	62.70
DieChange	5.77
NoScheduledRuns	1.98
NoCarriers	0.76
Blocked	0.00
Down	17.75
PlannedDT	11.04

Weld Line 1 Starved
Starved/Day	0.05
Avg Starved Time (min)	3.37
Starved %	0.02

Weld Line 2 Starved
Starved/Day	0.03
Avg Starved Time (min)	0.00
Starved %	0.00
