Weld Production
Weld Line 1 	475.00
Weld Line 2 	474.96

Avg Carrier Wait Time BLine:	0.08
Avg Carrier Wait Time CLine:	0.02
Avg Daily Changeovers BLine:	5.31
Avg Daily Changeovers CLine:	3.91
Avg Recirculations/Shift:	0.01
Avg Early Pulls for A-Bay Cleanup:	0.01
Avg Mixed Lanes:	0.68
Avg Clean Lanes:	34.32

Carriers	Average	Max	Min
Loaded:	464.92	642	266
Empty:	205.08	404	28

B Line Press States
Production	64.44
DieChange	4.78
NoScheduledRuns	1.82
NoCarriers	0.35
Blocked	0.00
Down	17.49
PlannedDT	11.11

C Line Press States
Production	61.90
DieChange	5.36
NoScheduledRuns	3.94
NoCarriers	0.06
Blocked	0.11
Down	17.56
PlannedDT	11.06

Weld Line 1 Starved
Starved/Day	0.03
Avg Starved Time (min)	0.00
Starved %	0.00

Weld Line 2 Starved
Starved/Day	0.03
Avg Starved Time (min)	0.00
Starved %	0.00
