Weld Production
Weld Line 1 	475.00
Weld Line 2 	475.00

Avg Carrier Wait Time BLine:	0.05
Avg Carrier Wait Time CLine:	0.01
Avg Daily Changeovers BLine:	5.14
Avg Daily Changeovers CLine:	4.11
Avg Recirculations/Shift:	0.00
Avg Early Pulls for A-Bay Cleanup:	0.00
Avg Mixed Lanes:	0.44
Avg Clean Lanes:	34.56

Carriers	Average	Max	Min
Loaded:	474.30	636	252
Empty:	195.70	418	34

B Line Press States
Production	65.31
DieChange	4.60
NoScheduledRuns	0.93
NoCarriers	0.04
Blocked	0.00
Down	18.00
PlannedDT	11.11

C Line Press States
Production	62.42
DieChange	5.70
NoScheduledRuns	2.42
NoCarriers	0.32
Blocked	0.22
Down	17.82
PlannedDT	11.10

Weld Line 1 Starved
Starved/Day	0.28
Avg Starved Time (min)	9.10
Starved %	0.28

Weld Line 2 Starved
Starved/Day	0.03
Avg Starved Time (min)	0.00
Starved %	0.00
