Weld Production
Weld Line 1 	475.00
Weld Line 2 	474.90

Avg Carrier Wait Time BLine:	0.13
Avg Carrier Wait Time CLine:	0.01
Avg Daily Changeovers BLine:	5.29
Avg Daily Changeovers CLine:	4.39
Avg Recirculations/Shift:	0.03
Avg Early Pulls for A-Bay Cleanup:	0.19
Avg Mixed Lanes:	1.34
Avg Clean Lanes:	33.66

Carriers	Average	Max	Min
Loaded:	472.32	657	231
Empty:	197.68	439	13

B Line Press States
Production	64.42
DieChange	4.76
NoScheduledRuns	0.47
NoCarriers	0.70
Blocked	0.00
Down	18.53
PlannedDT	11.11

C Line Press States
Production	61.90
DieChange	6.18
NoScheduledRuns	1.95
NoCarriers	0.97
Blocked	0.00
Down	18.00
PlannedDT	11.00

Weld Line 1 Starved
Starved/Day	0.10
Avg Starved Time (min)	8.48
Starved %	0.09

Weld Line 2 Starved
Starved/Day	0.03
Avg Starved Time (min)	0.00
Starved %	0.00
