Weld Production
Weld Line 1 	474.89
Weld Line 2 	474.91

Avg Carrier Wait Time BLine:	0.05
Avg Carrier Wait Time CLine:	0.02
Avg Daily Changeovers BLine:	5.58
Avg Daily Changeovers CLine:	4.60
Avg Recirculations/Shift:	0.01
Avg Early Pulls for A-Bay Cleanup:	0.06
Avg Mixed Lanes:	0.69
Avg Clean Lanes:	34.31

Carriers	Average	Max	Min
Loaded:	433.25	640	178
Empty:	236.75	492	30

B Line Press States
Production	64.13
DieChange	5.04
NoScheduledRuns	0.95
NoCarriers	0.04
Blocked	0.00
Down	18.73
PlannedDT	11.11

C Line Press States
Production	62.73
DieChange	6.52
NoScheduledRuns	1.80
NoCarriers	0.48
Blocked	0.06
Down	17.34
PlannedDT	11.06

Weld Line 1 Starved
Starved/Day	0.57
Avg Starved Time (min)	14.51
Starved %	0.92

Weld Line 2 Starved
Starved/Day	0.23
Avg Starved Time (min)	7.29
Starved %	0.18
