Weld Production
Weld Line 1 	475.00
Weld Line 2 	475.00

Avg Carrier Wait Time BLine:	0.06
Avg Carrier Wait Time CLine:	0.02
Avg Daily Changeovers BLine:	6.31
Avg Daily Changeovers CLine:	4.04
Avg Recirculations/Shift:	0.00
Avg Early Pulls for A-Bay Cleanup:	0.01
Avg Mixed Lanes:	0.15
Avg Clean Lanes:	34.85

Carriers	Average	Max	Min
Loaded:	410.02	640	243
Empty:	259.98	427	30

B Line Press States
Production	64.88
DieChange	5.74
NoScheduledRuns	0.00
NoCarriers	0.10
Blocked	0.00
Down	18.16
PlannedDT	11.11

C Line Press States
Production	62.80
DieChange	5.69
NoScheduledRuns	2.53
NoCarriers	0.00
Blocked	0.07
Down	17.82
PlannedDT	11.09

Weld Line 1 Starved
Starved/Day	0.03
Avg Starved Time (min)	0.00
Starved %	0.00

Weld Line 2 Starved
Starved/Day	0.33
Avg Starved Time (min)	8.79
Starved %	0.32
