Weld Production
Weld Line 1 	474.93
Weld Line 2 	474.98

Avg Carrier Wait Time BLine:	0.14
Avg Carrier Wait Time CLine:	0.02
Avg Daily Changeovers BLine:	5.90
Avg Daily Changeovers CLine:	3.96
Avg Recirculations/Shift:	0.04
Avg Early Pulls for A-Bay Cleanup:	0.01
Avg Mixed Lanes:	0.97
Avg Clean Lanes:	34.03

Carriers	Average	Max	Min
Loaded:	443.52	660	232
Empty:	226.48	438	10

B Line Press States
Production	64.01
DieChange	5.39
NoScheduledRuns	0.33
NoCarriers	0.95
Blocked	0.00
Down	18.22
PlannedDT	11.11

C Line Press States
Production	62.08
DieChange	5.53
NoScheduledRuns	3.01
NoCarriers	0.53
Blocked	0.03
Down	17.71
PlannedDT	11.11

Weld Line 1 Starved
Starved/Day	0.17
Avg Starved Time (min)	9.89
Starved %	0.19

Weld Line 2 Starved
Starved/Day	0.15
Avg Starved Time (min)	15.22
Starved %	0.26
