Weld Production
Weld Line 1 	475.00
Weld Line 2 	475.00

Avg Carrier Wait Time BLine:	0.05
Avg Carrier Wait Time CLine:	0.01
Avg Daily Changeovers BLine:	6.00
Avg Daily Changeovers CLine:	3.98
Avg Recirculations/Shift:	0.00
Avg Early Pulls for A-Bay Cleanup:	0.00
Avg Mixed Lanes:	0.13
Avg Clean Lanes:	34.87

Carriers	Average	Max	Min
Loaded:	427.06	634	207
Empty:	242.94	463	36

B Line Press States
Production	65.02
DieChange	5.49
NoScheduledRuns	0.21
NoCarriers	0.00
Blocked	0.00
Down	18.16
PlannedDT	11.11

C Line Press States
Production	62.66
DieChange	5.69
NoScheduledRuns	2.71
NoCarriers	0.01
Blocked	0.00
Down	17.81
PlannedDT	11.11

Weld Line 1 Starved
Starved/Day	0.05
Avg Starved Time (min)	2.04
Starved %	0.01

Weld Line 2 Starved
Starved/Day	0.07
Avg Starved Time (min)	4.34
Starved %	0.04
