Weld Production
Weld Line 1 	475.00
Weld Line 2 	474.91

Avg Carrier Wait Time BLine:	0.14
Avg Carrier Wait Time CLine:	0.08
Avg Daily Changeovers BLine:	5.67
Avg Daily Changeovers CLine:	4.11
Avg Recirculations/Shift:	0.00
Avg Early Pulls for A-Bay Cleanup:	0.04
Avg Mixed Lanes:	0.46
Avg Clean Lanes:	34.54

Carriers	Average	Max	Min
Loaded:	447.35	658	273
Empty:	222.65	397	12

B Line Press States
Production	64.33
DieChange	5.15
NoScheduledRuns	0.00
NoCarriers	0.88
Blocked	0.00
Down	18.53
PlannedDT	11.11

C Line Press States
Production	62.10
DieChange	5.68
NoScheduledRuns	2.71
NoCarriers	0.30
Blocked	0.08
Down	18.07
PlannedDT	11.06

Weld Line 1 Starved
Starved/Day	0.35
Avg Starved Time (min)	13.40
Starved %	0.52

Weld Line 2 Starved
Starved/Day	0.03
Avg Starved Time (min)	0.00
Starved %	0.00
