Weld Production
Weld Line 1 	475.00
Weld Line 2 	475.00

Avg Carrier Wait Time BLine:	0.06
Avg Carrier Wait Time CLine:	0.01
Avg Daily Changeovers BLine:	5.72
Avg Daily Changeovers CLine:	3.92
Avg Recirculations/Shift:	0.07
Avg Early Pulls for A-Bay Cleanup:	0.09
Avg Mixed Lanes:	0.90
Avg Clean Lanes:	34.10

Carriers	Average	Max	Min
Loaded:	458.09	635	273
Empty:	211.91	397	35

B Line Press States
Production	65.15
DieChange	5.18
NoScheduledRuns	0.30
NoCarriers	0.09
Blocked	0.00
Down	18.16
PlannedDT	11.11

C Line Press States
Production	61.71
DieChange	5.47
NoScheduledRuns	3.21
NoCarriers	0.76
Blocked	0.01
Down	17.80
PlannedDT	11.04

Weld Line 1 Starved
Starved/Day	0.07
Avg Starved Time (min)	7.59
Starved %	0.06

Weld Line 2 Starved
Starved/Day	0.07
Avg Starved Time (min)	12.78
Starved %	0.11
