Weld Production
Weld Line 1 	474.94
Weld Line 2 	475.00

Avg Carrier Wait Time BLine:	0.12
Avg Carrier Wait Time CLine:	0.02
Avg Daily Changeovers BLine:	5.17
Avg Daily Changeovers CLine:	4.06
Avg Recirculations/Shift:	0.04
Avg Early Pulls for A-Bay Cleanup:	0.13
Avg Mixed Lanes:	1.38
Avg Clean Lanes:	33.62

Carriers	Average	Max	Min
Loaded:	486.66	639	239
Empty:	183.34	431	31

B Line Press States
Production	65.30
DieChange	4.71
NoScheduledRuns	1.60
NoCarriers	0.65
Blocked	0.00
Down	16.62
PlannedDT	11.11

C Line Press States
Production	62.52
DieChange	5.54
NoScheduledRuns	3.05
NoCarriers	0.74
Blocked	0.00
Down	17.09
PlannedDT	11.06

Weld Line 1 Starved
Starved/Day	0.17
Avg Starved Time (min)	1.98
Starved %	0.04

Weld Line 2 Starved
Starved/Day	0.03
Avg Starved Time (min)	0.00
Starved %	0.00
