Weld Production
Weld Line 1 	474.89
Weld Line 2 	475.00

Avg Carrier Wait Time BLine:	0.08
Avg Carrier Wait Time CLine:	0.04
Avg Daily Changeovers BLine:	5.44
Avg Daily Changeovers CLine:	3.86
Avg Recirculations/Shift:	0.01
Avg Early Pulls for A-Bay Cleanup:	0.05
Avg Mixed Lanes:	0.60
Avg Clean Lanes:	34.40

Carriers	Average	Max	Min
Loaded:	461.99	654	266
Empty:	208.01	404	16

B Line Press States
Production	65.53
DieChange	4.95
NoScheduledRuns	0.36
NoCarriers	0.33
Blocked	0.00
Down	17.72
PlannedDT	11.11

C Line Press States
Production	62.46
DieChange	5.50
NoScheduledRuns	2.76
NoCarriers	0.41
Blocked	0.02
Down	17.75
PlannedDT	11.11

Weld Line 1 Starved
Starved/Day	0.03
Avg Starved Time (min)	0.00
Starved %	0.00

Weld Line 2 Starved
Starved/Day	0.03
Avg Starved Time (min)	0.00
Starved %	0.00
