Weld Production
Weld Line 1 	475.00
Weld Line 2 	474.94

Avg Carrier Wait Time BLine:	0.15
Avg Carrier Wait Time CLine:	0.04
Avg Daily Changeovers BLine:	5.50
Avg Daily Changeovers CLine:	4.06
Avg Recirculations/Shift:	0.01
Avg Early Pulls for A-Bay Cleanup:	0.05
Avg Mixed Lanes:	0.71
Avg Clean Lanes:	34.29

Carriers	Average	Max	Min
Loaded:	465.30	646	251
Empty:	204.70	419	24

B Line Press States
Production	64.53
DieChange	5.04
NoScheduledRuns	0.74
NoCarriers	0.95
Blocked	0.00
Down	17.63
PlannedDT	11.11

C Line Press States
Production	61.67
DieChange	5.71
NoScheduledRuns	2.91
NoCarriers	0.59
Blocked	0.21
Down	17.84
PlannedDT	11.08

Weld Line 1 Starved
Starved/Day	0.28
Avg Starved Time (min)	14.18
Starved %	0.43

Weld Line 2 Starved
Starved/Day	0.03
Avg Starved Time (min)	0.00
Starved %	0.00
