Weld Production
Weld Line 1 	475.00
Weld Line 2 	475.00

Avg Carrier Wait Time BLine:	0.11
Avg Carrier Wait Time CLine:	0.02
Avg Daily Changeovers BLine:	5.03
Avg Daily Changeovers CLine:	4.20
Avg Recirculations/Shift:	0.01
Avg Early Pulls for A-Bay Cleanup:	0.01
Avg Mixed Lanes:	0.85
Avg Clean Lanes:	34.15

Carriers	Average	Max	Min
Loaded:	493.47	645	289
Empty:	176.53	381	25

B Line Press States
Production	64.57
DieChange	4.64
NoScheduledRuns	1.12
NoCarriers	0.60
Blocked	0.00
Down	17.97
PlannedDT	11.11

C Line Press States
Production	61.75
DieChange	5.92
NoScheduledRuns	2.29
NoCarriers	1.18
Blocked	0.04
Down	17.78
PlannedDT	11.04

Weld Line 1 Starved
Starved/Day	0.07
Avg Starved Time (min)	8.35
Starved %	0.07

Weld Line 2 Starved
Starved/Day	0.03
Avg Starved Time (min)	0.00
Starved %	0.00
