Weld Production
Weld Line 1 	475.00
Weld Line 2 	474.98

Avg Carrier Wait Time BLine:	0.14
Avg Carrier Wait Time CLine:	0.01
Avg Daily Changeovers BLine:	5.11
Avg Daily Changeovers CLine:	4.04
Avg Recirculations/Shift:	0.07
Avg Early Pulls for A-Bay Cleanup:	0.15
Avg Mixed Lanes:	1.56
Avg Clean Lanes:	33.44

Carriers	Average	Max	Min
Loaded:	484.66	643	202
Empty:	185.34	468	27

B Line Press States
Production	64.31
DieChange	4.73
NoScheduledRuns	0.64
NoCarriers	0.99
Blocked	0.00
Down	18.22
PlannedDT	11.11

C Line Press States
Production	61.84
DieChange	5.76
NoScheduledRuns	2.58
NoCarriers	0.93
Blocked	0.00
Down	17.84
PlannedDT	11.06

Weld Line 1 Starved
Starved/Day	0.05
Avg Starved Time (min)	2.95
Starved %	0.02

Weld Line 2 Starved
Starved/Day	0.03
Avg Starved Time (min)	0.00
Starved %	0.00
