Weld Production
Weld Line 1 	475.00
Weld Line 2 	475.00

Avg Carrier Wait Time BLine:	0.09
Avg Carrier Wait Time CLine:	0.02
Avg Daily Changeovers BLine:	5.30
Avg Daily Changeovers CLine:	4.19
Avg Recirculations/Shift:	0.01
Avg Early Pulls for A-Bay Cleanup:	0.06
Avg Mixed Lanes:	1.15
Avg Clean Lanes:	33.85

Carriers	Average	Max	Min
Loaded:	460.82	643	230
Empty:	209.18	440	27

B Line Press States
Production	64.48
DieChange	4.87
NoScheduledRuns	0.88
NoCarriers	0.34
Blocked	0.00
Down	18.32
PlannedDT	11.11

C Line Press States
Production	61.70
DieChange	5.81
NoScheduledRuns	3.09
NoCarriers	1.03
Blocked	0.04
Down	17.29
PlannedDT	11.04

Weld Line 1 Starved
Starved/Day	0.20
Avg Starved Time (min)	14.32
Starved %	0.32

Weld Line 2 Starved
Starved/Day	0.53
Avg Starved Time (min)	12.62
Starved %	0.74
