Weld Production
Weld Line 1 	474.94
Weld Line 2 	475.00

Avg Carrier Wait Time BLine:	0.16
Avg Carrier Wait Time CLine:	0.06
Avg Daily Changeovers BLine:	5.11
Avg Daily Changeovers CLine:	3.85
Avg Recirculations/Shift:	0.00
Avg Early Pulls for A-Bay Cleanup:	0.07
Avg Mixed Lanes:	0.81
Avg Clean Lanes:	34.19

Carriers	Average	Max	Min
Loaded:	505.26	645	320
Empty:	164.74	350	25

B Line Press States
Production	64.72
DieChange	4.66
NoScheduledRuns	1.72
NoCarriers	1.19
Blocked	0.00
Down	16.61
PlannedDT	11.11

C Line Press States
Production	61.69
DieChange	5.30
NoScheduledRuns	3.83
NoCarriers	0.91
Blocked	0.08
Down	17.14
PlannedDT	11.04

Weld Line 1 Starved
Starved/Day	0.03
Avg Starved Time (min)	0.00
Starved %	0.00

Weld Line 2 Starved
Starved/Day	0.03
Avg Starved Time (min)	0.00
Starved %	0.00
