Weld Production
Weld Line 1 	475.00
Weld Line 2 	474.96

Avg Carrier Wait Time BLine:	0.14
Avg Carrier Wait Time CLine:	0.04
Avg Daily Changeovers BLine:	5.89
Avg Daily Changeovers CLine:	3.99
Avg Recirculations/Shift:	0.00
Avg Early Pulls for A-Bay Cleanup:	0.09
Avg Mixed Lanes:	0.39
Avg Clean Lanes:	34.61

Carriers	Average	Max	Min
Loaded:	431.71	647	228
Empty:	238.29	442	23

B Line Press States
Production	64.97
DieChange	5.34
NoScheduledRuns	0.08
NoCarriers	1.02
Blocked	0.00
Down	17.49
PlannedDT	11.11

C Line Press States
Production	62.39
DieChange	5.66
NoScheduledRuns	2.74
NoCarriers	0.50
Blocked	0.16
Down	17.55
PlannedDT	10.99

Weld Line 1 Starved
Starved/Day	0.50
Avg Starved Time (min)	10.74
Starved %	0.59

Weld Line 2 Starved
Starved/Day	0.10
Avg Starved Time (min)	17.41
Starved %	0.20
