Weld Production
Weld Line 1 	475.00
Weld Line 2 	475.00

Avg Carrier Wait Time BLine:	0.05
Avg Carrier Wait Time CLine:	0.03
Avg Daily Changeovers BLine:	6.04
Avg Daily Changeovers CLine:	4.20
Avg Recirculations/Shift:	0.00
Avg Early Pulls for A-Bay Cleanup:	0.00
Avg Mixed Lanes:	0.10
Avg Clean Lanes:	34.90

Carriers	Average	Max	Min
Loaded:	416.90	635	186
Empty:	253.10	484	35

B Line Press States
Production	64.98
DieChange	5.43
NoScheduledRuns	0.32
NoCarriers	0.00
Blocked	0.00
Down	18.16
PlannedDT	11.11

C Line Press States
Production	62.86
DieChange	5.90
NoScheduledRuns	1.99
NoCarriers	0.38
Blocked	0.06
Down	17.71
PlannedDT	11.10

Weld Line 1 Starved
Starved/Day	0.03
Avg Starved Time (min)	0.00
Starved %	0.00

Weld Line 2 Starved
Starved/Day	0.17
Avg Starved Time (min)	7.92
Starved %	0.16
