Weld Production
Weld Line 1 	471.66
Weld Line 2 	474.44

Avg Carrier Wait Time BLine:	0.08
Avg Carrier Wait Time CLine:	0.01
Avg Daily Changeovers BLine:	5.61
Avg Daily Changeovers CLine:	4.24
Avg Recirculations/Shift:	0.01
Avg Early Pulls for A-Bay Cleanup:	0.04
Avg Mixed Lanes:	0.28
Avg Clean Lanes:	34.72

Carriers	Average	Max	Min
Loaded:	439.06	641	179
Empty:	230.94	491	29

B Line Press States
Production	64.95
DieChange	5.00
NoScheduledRuns	0.22
NoCarriers	0.40
Blocked	0.00
Down	18.32
PlannedDT	11.11

C Line Press States
Production	62.37
DieChange	6.10
NoScheduledRuns	2.81
NoCarriers	0.28
Blocked	0.02
Down	17.31
PlannedDT	11.11

Weld Line 1 Starved
Starved/Day	0.85
Avg Starved Time (min)	14.33
Starved %	1.32

Weld Line 2 Starved
Starved/Day	0.28
Avg Starved Time (min)	16.05
Starved %	0.50
