Weld Production
Weld Line 1 	475.00
Weld Line 2 	475.00

Avg Carrier Wait Time BLine:	0.16
Avg Carrier Wait Time CLine:	0.03
Avg Daily Changeovers BLine:	5.30
Avg Daily Changeovers CLine:	3.84
Avg Recirculations/Shift:	0.01
Avg Early Pulls for A-Bay Cleanup:	0.05
Avg Mixed Lanes:	0.92
Avg Clean Lanes:	34.08

Carriers	Average	Max	Min
Loaded:	486.22	644	296
Empty:	183.78	374	26

B Line Press States
Production	64.11
DieChange	4.79
NoScheduledRuns	0.84
NoCarriers	1.16
Blocked	0.00
Down	18.00
PlannedDT	11.11

C Line Press States
Production	61.63
DieChange	5.38
NoScheduledRuns	3.94
NoCarriers	0.05
Blocked	0.05
Down	17.84
PlannedDT	11.11

Weld Line 1 Starved
Starved/Day	0.10
Avg Starved Time (min)	7.87
Starved %	0.09

Weld Line 2 Starved
Starved/Day	0.03
Avg Starved Time (min)	0.00
Starved %	0.00
