Weld Production
Weld Line 1 	474.88
Weld Line 2 	475.00

Avg Carrier Wait Time BLine:	0.17
Avg Carrier Wait Time CLine:	0.02
Avg Daily Changeovers BLine:	5.21
Avg Daily Changeovers CLine:	3.96
Avg Recirculations/Shift:	0.03
Avg Early Pulls for A-Bay Cleanup:	0.10
Avg Mixed Lanes:	1.21
Avg Clean Lanes:	33.79

Carriers	Average	Max	Min
Loaded:	482.99	650	276
Empty:	187.01	394	20

B Line Press States
Production	64.22
DieChange	4.65
NoScheduledRuns	1.24
NoCarriers	1.05
Blocked	0.00
Down	17.72
PlannedDT	11.11

C Line Press States
Production	61.56
DieChange	5.38
NoScheduledRuns	3.63
NoCarriers	0.63
Blocked	0.00
Down	17.81
PlannedDT	10.99

Weld Line 1 Starved
Starved/Day	0.17
Avg Starved Time (min)	7.89
Starved %	0.15

Weld Line 2 Starved
Starved/Day	0.03
Avg Starved Time (min)	0.00
Starved %	0.00
