Weld Production
Weld Line 1 	475.00
Weld Line 2 	475.00

Avg Carrier Wait Time BLine:	0.10
Avg Carrier Wait Time CLine:	0.02
Avg Daily Changeovers BLine:	5.16
Avg Daily Changeovers CLine:	4.14
Avg Recirculations/Shift:	0.03
Avg Early Pulls for A-Bay Cleanup:	0.04
Avg Mixed Lanes:	1.03
Avg Clean Lanes:	33.97

Carriers	Average	Max	Min
Loaded:	487.97	644	224
Empty:	182.03	446	26

B Line Press States
Production	64.24
DieChange	4.78
NoScheduledRuns	1.38
NoCarriers	0.49
Blocked	0.00
Down	18.00
PlannedDT	11.11

C Line Press States
Production	61.92
DieChange	5.95
NoScheduledRuns	2.38
NoCarriers	1.04
Blocked	0.03
Down	17.69
PlannedDT	11.00

Weld Line 1 Starved
Starved/Day	0.20
Avg Starved Time (min)	11.65
Starved %	0.25

Weld Line 2 Starved
Starved/Day	0.05
Avg Starved Time (min)	2.55
Starved %	0.01
