Weld Production
Weld Line 1 	475.00
Weld Line 2 	475.00

Avg Carrier Wait Time BLine:	0.09
Avg Carrier Wait Time CLine:	0.02
Avg Daily Changeovers BLine:	6.10
Avg Daily Changeovers CLine:	4.15
Avg Recirculations/Shift:	0.05
Avg Early Pulls for A-Bay Cleanup:	0.03
Avg Mixed Lanes:	0.28
Avg Clean Lanes:	34.72

Carriers	Average	Max	Min
Loaded:	413.04	641	206
Empty:	256.96	464	29

B Line Press States
Production	64.62
DieChange	5.71
NoScheduledRuns	0.00
NoCarriers	0.40
Blocked	0.00
Down	18.16
PlannedDT	11.11

C Line Press States
Production	62.47
DieChange	5.82
NoScheduledRuns	2.45
NoCarriers	0.35
Blocked	0.02
Down	17.79
PlannedDT	11.11

Weld Line 1 Starved
Starved/Day	0.10
Avg Starved Time (min)	6.42
Starved %	0.07

Weld Line 2 Starved
Starved/Day	0.17
Avg Starved Time (min)	13.88
Starved %	0.27
