Weld Production
Weld Line 1 	474.89
Weld Line 2 	475.00

Avg Carrier Wait Time BLine:	0.14
Avg Carrier Wait Time CLine:	0.06
Avg Daily Changeovers BLine:	5.33
Avg Daily Changeovers CLine:	3.98
Avg Recirculations/Shift:	0.01
Avg Early Pulls for A-Bay Cleanup:	0.05
Avg Mixed Lanes:	0.70
Avg Clean Lanes:	34.30

Carriers	Average	Max	Min
Loaded:	464.41	646	192
Empty:	205.59	478	24

B Line Press States
Production	64.42
DieChange	4.83
NoScheduledRuns	0.96
NoCarriers	0.95
Blocked	0.00
Down	17.72
PlannedDT	11.11

C Line Press States
Production	61.85
DieChange	5.78
NoScheduledRuns	2.46
NoCarriers	0.99
Blocked	0.15
Down	17.73
PlannedDT	11.05

Weld Line 1 Starved
Starved/Day	0.07
Avg Starved Time (min)	4.51
Starved %	0.04

Weld Line 2 Starved
Starved/Day	0.03
Avg Starved Time (min)	0.00
Starved %	0.00
