Weld Production
Weld Line 1 	475.00
Weld Line 2 	474.96

Avg Carrier Wait Time BLine:	0.16
Avg Carrier Wait Time CLine:	0.02
Avg Daily Changeovers BLine:	5.58
Avg Daily Changeovers CLine:	3.88
Avg Recirculations/Shift:	0.00
Avg Early Pulls for A-Bay Cleanup:	0.00
Avg Mixed Lanes:	0.75
Avg Clean Lanes:	34.25

Carriers	Average	Max	Min
Loaded:	458.67	648	240
Empty:	211.33	430	22

B Line Press States
Production	64.63
DieChange	4.95
NoScheduledRuns	0.08
NoCarriers	1.00
Blocked	0.00
Down	18.22
PlannedDT	11.11

C Line Press States
Production	61.80
DieChange	5.39
NoScheduledRuns	3.12
NoCarriers	0.68
Blocked	0.04
Down	17.90
PlannedDT	11.07

Weld Line 1 Starved
Starved/Day	0.07
Avg Starved Time (min)	5.20
Starved %	0.04

Weld Line 2 Starved
Starved/Day	0.05
Avg Starved Time (min)	4.03
Starved %	0.02
