Weld Production
Weld Line 1 	474.94
Weld Line 2 	475.00

Avg Carrier Wait Time BLine:	0.26
Avg Carrier Wait Time CLine:	0.05
Avg Daily Changeovers BLine:	5.29
Avg Daily Changeovers CLine:	3.95
Avg Recirculations/Shift:	0.11
Avg Early Pulls for A-Bay Cleanup:	0.21
Avg Mixed Lanes:	2.27
Avg Clean Lanes:	32.73

Carriers	Average	Max	Min
Loaded:	492.35	655	259
Empty:	177.65	411	15

B Line Press States
Production	64.21
DieChange	4.90
NoScheduledRuns	0.99
NoCarriers	2.16
Blocked	0.00
Down	16.62
PlannedDT	11.11

C Line Press States
Production	61.96
DieChange	5.50
NoScheduledRuns	2.47
NoCarriers	2.11
Blocked	0.01
Down	17.04
PlannedDT	10.92

Weld Line 1 Starved
Starved/Day	0.17
Avg Starved Time (min)	17.24
Starved %	0.33

Weld Line 2 Starved
Starved/Day	0.07
Avg Starved Time (min)	10.55
Starved %	0.09
