Weld Production
Weld Line 1 	475.00
Weld Line 2 	474.91

Avg Carrier Wait Time BLine:	0.05
Avg Carrier Wait Time CLine:	0.04
Avg Daily Changeovers BLine:	5.94
Avg Daily Changeovers CLine:	4.31
Avg Recirculations/Shift:	0.00
Avg Early Pulls for A-Bay Cleanup:	0.01
Avg Mixed Lanes:	0.18
Avg Clean Lanes:	34.82

Carriers	Average	Max	Min
Loaded:	408.21	630	187
Empty:	261.79	483	40

B Line Press States
Production	64.37
DieChange	5.48
NoScheduledRuns	0.51
NoCarriers	0.00
Blocked	0.00
Down	18.53
PlannedDT	11.11

C Line Press States
Production	62.00
DieChange	5.89
NoScheduledRuns	2.43
NoCarriers	0.13
Blocked	0.43
Down	18.07
PlannedDT	11.04

Weld Line 1 Starved
Starved/Day	0.45
Avg Starved Time (min)	12.51
Starved %	0.62

Weld Line 2 Starved
Starved/Day	0.03
Avg Starved Time (min)	0.00
Starved %	0.00
