Weld Production
Weld Line 1 	474.89
Weld Line 2 	475.00

Avg Carrier Wait Time BLine:	0.17
Avg Carrier Wait Time CLine:	0.12
Avg Daily Changeovers BLine:	5.46
Avg Daily Changeovers CLine:	3.94
Avg Recirculations/Shift:	0.01
Avg Early Pulls for A-Bay Cleanup:	0.01
Avg Mixed Lanes:	0.74
Avg Clean Lanes:	34.26

Carriers	Average	Max	Min
Loaded:	472.07	650	279
Empty:	197.93	391	20

B Line Press States
Production	64.48
DieChange	5.11
NoScheduledRuns	0.41
NoCarriers	1.18
Blocked	0.00
Down	17.70
PlannedDT	11.11

C Line Press States
Production	61.51
DieChange	5.49
NoScheduledRuns	2.94
NoCarriers	0.91
Blocked	0.46
Down	17.70
PlannedDT	10.99

Weld Line 1 Starved
Starved/Day	0.13
Avg Starved Time (min)	14.38
Starved %	0.20

Weld Line 2 Starved
Starved/Day	0.13
Avg Starved Time (min)	7.08
Starved %	0.10
