Weld Production
Weld Line 1 	474.89
Weld Line 2 	474.91

Avg Carrier Wait Time BLine:	0.11
Avg Carrier Wait Time CLine:	0.03
Avg Daily Changeovers BLine:	5.79
Avg Daily Changeovers CLine:	4.31
Avg Recirculations/Shift:	0.00
Avg Early Pulls for A-Bay Cleanup:	0.00
Avg Mixed Lanes:	0.45
Avg Clean Lanes:	34.55

Carriers	Average	Max	Min
Loaded:	434.93	646	238
Empty:	235.07	432	24

B Line Press States
Production	63.78
DieChange	5.17
NoScheduledRuns	0.63
NoCarriers	0.57
Blocked	0.00
Down	18.73
PlannedDT	11.11

C Line Press States
Production	62.17
DieChange	5.99
NoScheduledRuns	3.00
NoCarriers	0.25
Blocked	0.14
Down	17.36
PlannedDT	11.09

Weld Line 1 Starved
Starved/Day	0.10
Avg Starved Time (min)	12.89
Starved %	0.14

Weld Line 2 Starved
Starved/Day	0.05
Avg Starved Time (min)	0.61
Starved %	0.00
