Weld Production
Weld Line 1 	474.40
Weld Line 2 	474.91

Avg Carrier Wait Time BLine:	0.09
Avg Carrier Wait Time CLine:	0.02
Avg Daily Changeovers BLine:	5.90
Avg Daily Changeovers CLine:	3.99
Avg Recirculations/Shift:	0.00
Avg Early Pulls for A-Bay Cleanup:	0.03
Avg Mixed Lanes:	0.30
Avg Clean Lanes:	34.70

Carriers	Average	Max	Min
Loaded:	436.72	638	239
Empty:	233.28	431	32

B Line Press States
Production	63.87
DieChange	5.37
NoScheduledRuns	0.55
NoCarriers	0.37
Blocked	0.00
Down	18.73
PlannedDT	11.11

C Line Press States
Production	62.17
DieChange	5.59
NoScheduledRuns	3.67
NoCarriers	0.07
Blocked	0.03
Down	17.36
PlannedDT	11.09

Weld Line 1 Starved
Starved/Day	0.20
Avg Starved Time (min)	6.99
Starved %	0.15

Weld Line 2 Starved
Starved/Day	0.03
Avg Starved Time (min)	0.00
Starved %	0.00
