Weld Production
Weld Line 1 	475.00
Weld Line 2 	475.00

Avg Carrier Wait Time BLine:	0.09
Avg Carrier Wait Time CLine:	0.02
Avg Daily Changeovers BLine:	5.24
Avg Daily Changeovers CLine:	4.04
Avg Recirculations/Shift:	0.01
Avg Early Pulls for A-Bay Cleanup:	0.03
Avg Mixed Lanes:	0.58
Avg Clean Lanes:	34.42

Carriers	Average	Max	Min
Loaded:	477.36	648	230
Empty:	192.64	440	22

B Line Press States
Production	64.38
DieChange	4.82
NoScheduledRuns	1.03
NoCarriers	0.34
Blocked	0.00
Down	18.32
PlannedDT	11.11

C Line Press States
Production	61.78
DieChange	5.65
NoScheduledRuns	3.98
NoCarriers	0.16
Blocked	0.03
Down	17.30
PlannedDT	11.09

Weld Line 1 Starved
Starved/Day	0.03
Avg Starved Time (min)	0.00
Starved %	0.00

Weld Line 2 Starved
Starved/Day	0.03
Avg Starved Time (min)	0.00
Starved %	0.00
