Weld Production
Weld Line 1 	474.91
Weld Line 2 	474.91

Avg Carrier Wait Time BLine:	0.16
Avg Carrier Wait Time CLine:	0.02
Avg Daily Changeovers BLine:	5.84
Avg Daily Changeovers CLine:	4.00
Avg Recirculations/Shift:	0.00
Avg Early Pulls for A-Bay Cleanup:	0.04
Avg Mixed Lanes:	0.41
Avg Clean Lanes:	34.59

Carriers	Average	Max	Min
Loaded:	438.19	643	227
Empty:	231.81	443	27

B Line Press States
Production	63.47
DieChange	5.40
NoScheduledRuns	0.18
NoCarriers	1.10
Blocked	0.00
Down	18.73
PlannedDT	11.11

C Line Press States
Production	61.67
DieChange	5.69
NoScheduledRuns	3.69
NoCarriers	0.45
Blocked	0.06
Down	17.35
PlannedDT	11.09

Weld Line 1 Starved
Starved/Day	0.03
Avg Starved Time (min)	0.00
Starved %	0.00

Weld Line 2 Starved
Starved/Day	0.40
Avg Starved Time (min)	11.87
Starved %	0.53
