Weld Production
Weld Line 1 	474.94
Weld Line 2 	475.00

Avg Carrier Wait Time BLine:	0.15
Avg Carrier Wait Time CLine:	0.12
Avg Daily Changeovers BLine:	5.19
Avg Daily Changeovers CLine:	3.91
Avg Recirculations/Shift:	0.00
Avg Early Pulls for A-Bay Cleanup:	0.11
Avg Mixed Lanes:	0.98
Avg Clean Lanes:	34.02

Carriers	Average	Max	Min
Loaded:	488.02	660	309
Empty:	181.98	361	10

B Line Press States
Production	64.98
DieChange	4.75
NoScheduledRuns	1.43
NoCarriers	1.12
Blocked	0.00
Down	16.61
PlannedDT	11.11

C Line Press States
Production	61.52
DieChange	5.59
NoScheduledRuns	3.86
NoCarriers	0.89
Blocked	0.00
Down	17.11
PlannedDT	11.03

Weld Line 1 Starved
Starved/Day	0.07
Avg Starved Time (min)	1.38
Starved %	0.01

Weld Line 2 Starved
Starved/Day	0.03
Avg Starved Time (min)	0.00
Starved %	0.00
