Weld Production
Weld Line 1 	475.00
Weld Line 2 	475.00

Avg Carrier Wait Time BLine:	0.16
Avg Carrier Wait Time CLine:	0.02
Avg Daily Changeovers BLine:	5.40
Avg Daily Changeovers CLine:	3.84
Avg Recirculations/Shift:	0.01
Avg Early Pulls for A-Bay Cleanup:	0.07
Avg Mixed Lanes:	1.10
Avg Clean Lanes:	33.90

Carriers	Average	Max	Min
Loaded:	485.84	643	270
Empty:	184.16	400	27

B Line Press States
Production	63.54
DieChange	5.00
NoScheduledRuns	0.98
NoCarriers	1.06
Blocked	0.00
Down	18.32
PlannedDT	11.11

C Line Press States
Production	61.38
DieChange	5.59
NoScheduledRuns	3.92
NoCarriers	0.83
Blocked	0.04
Down	17.15
PlannedDT	11.09

Weld Line 1 Starved
Starved/Day	0.03
Avg Starved Time (min)	0.00
Starved %	0.00

Weld Line 2 Starved
Starved/Day	0.05
Avg Starved Time (min)	3.54
Starved %	0.02
