Weld Production
Weld Line 1 	475.00
Weld Line 2 	475.00

Avg Carrier Wait Time BLine:	0.07
Avg Carrier Wait Time CLine:	0.01
Avg Daily Changeovers BLine:	5.83
Avg Daily Changeovers CLine:	4.01
Avg Recirculations/Shift:	0.01
Avg Early Pulls for A-Bay Cleanup:	0.04
Avg Mixed Lanes:	0.35
Avg Clean Lanes:	34.65

Carriers	Average	Max	Min
Loaded:	444.76	642	291
Empty:	225.24	379	28

B Line Press States
Production	65.14
DieChange	5.36
NoScheduledRuns	0.00
NoCarriers	0.22
Blocked	0.00
Down	18.16
PlannedDT	11.11

C Line Press States
Production	62.44
DieChange	5.48
NoScheduledRuns	3.14
NoCarriers	0.00
Blocked	0.00
Down	17.82
PlannedDT	11.11

Weld Line 1 Starved
Starved/Day	0.25
Avg Starved Time (min)	11.89
Starved %	0.33

Weld Line 2 Starved
Starved/Day	0.05
Avg Starved Time (min)	19.62
Starved %	0.11
