Weld Production
Weld Line 1 	475.00
Weld Line 2 	474.98

Avg Carrier Wait Time BLine:	0.10
Avg Carrier Wait Time CLine:	0.05
Avg Daily Changeovers BLine:	5.17
Avg Daily Changeovers CLine:	3.95
Avg Recirculations/Shift:	0.01
Avg Early Pulls for A-Bay Cleanup:	0.03
Avg Mixed Lanes:	1.06
Avg Clean Lanes:	33.94

Carriers	Average	Max	Min
Loaded:	488.52	646	270
Empty:	181.48	400	24

B Line Press States
Production	64.84
DieChange	4.68
NoScheduledRuns	0.52
NoCarriers	0.63
Blocked	0.00
Down	18.22
PlannedDT	11.11

C Line Press States
Production	61.91
DieChange	5.46
NoScheduledRuns	2.69
NoCarriers	1.07
Blocked	0.02
Down	17.79
PlannedDT	11.04

Weld Line 1 Starved
Starved/Day	0.10
Avg Starved Time (min)	8.51
Starved %	0.09

Weld Line 2 Starved
Starved/Day	0.03
Avg Starved Time (min)	0.00
Starved %	0.00
