Weld Production
Weld Line 1 	474.89
Weld Line 2 	475.00

Avg Carrier Wait Time BLine:	0.10
Avg Carrier Wait Time CLine:	0.03
Avg Daily Changeovers BLine:	5.55
Avg Daily Changeovers CLine:	4.01
Avg Recirculations/Shift:	0.00
Avg Early Pulls for A-Bay Cleanup:	0.00
Avg Mixed Lanes:	0.45
Avg Clean Lanes:	34.55

Carriers	Average	Max	Min
Loaded:	455.01	647	206
Empty:	214.99	464	23

B Line Press States
Production	65.57
DieChange	5.11
NoScheduledRuns	0.07
NoCarriers	0.41
Blocked	0.00
Down	17.72
PlannedDT	11.11

C Line Press States
Production	62.48
DieChange	5.65
NoScheduledRuns	2.82
NoCarriers	0.13
Blocked	0.01
Down	17.82
PlannedDT	11.09

Weld Line 1 Starved
Starved/Day	0.07
Avg Starved Time (min)	17.10
Starved %	0.14

Weld Line 2 Starved
Starved/Day	0.03
Avg Starved Time (min)	0.00
Starved %	0.00
