Weld Production
Weld Line 1 	474.94
Weld Line 2 	474.96

Avg Carrier Wait Time BLine:	0.17
Avg Carrier Wait Time CLine:	0.02
Avg Daily Changeovers BLine:	5.66
Avg Daily Changeovers CLine:	3.91
Avg Recirculations/Shift:	0.00
Avg Early Pulls for A-Bay Cleanup:	0.05
Avg Mixed Lanes:	0.51
Avg Clean Lanes:	34.49

Carriers	Average	Max	Min
Loaded:	457.42	641	209
Empty:	212.58	461	29

B Line Press States
Production	64.66
DieChange	5.25
NoScheduledRuns	0.27
NoCarriers	1.24
Blocked	0.00
Down	17.48
PlannedDT	11.11

C Line Press States
Production	62.39
DieChange	5.54
NoScheduledRuns	3.31
NoCarriers	0.00
Blocked	0.07
Down	17.58
PlannedDT	11.11

Weld Line 1 Starved
Starved/Day	0.53
Avg Starved Time (min)	13.08
Starved %	0.76

Weld Line 2 Starved
Starved/Day	0.33
Avg Starved Time (min)	12.87
Starved %	0.47
