Weld Production
Weld Line 1 	474.90
Weld Line 2 	473.24

Avg Carrier Wait Time BLine:	0.07
Avg Carrier Wait Time CLine:	0.01
Avg Daily Changeovers BLine:	5.60
Avg Daily Changeovers CLine:	4.10
Avg Recirculations/Shift:	0.01
Avg Early Pulls for A-Bay Cleanup:	0.10
Avg Mixed Lanes:	0.84
Avg Clean Lanes:	34.16

Carriers	Average	Max	Min
Loaded:	438.42	632	187
Empty:	231.58	483	38

B Line Press States
Production	64.38
DieChange	5.12
NoScheduledRuns	0.40
NoCarriers	0.27
Blocked	0.00
Down	18.73
PlannedDT	11.11

C Line Press States
Production	62.59
DieChange	5.70
NoScheduledRuns	2.84
NoCarriers	0.45
Blocked	0.03
Down	17.36
PlannedDT	11.04

Weld Line 1 Starved
Starved/Day	0.10
Avg Starved Time (min)	10.59
Starved %	0.12

Weld Line 2 Starved
Starved/Day	0.33
Avg Starved Time (min)	15.32
Starved %	0.56
