Weld Production
Weld Line 1 	475.00
Weld Line 2 	474.96

Avg Carrier Wait Time BLine:	0.13
Avg Carrier Wait Time CLine:	0.04
Avg Daily Changeovers BLine:	5.30
Avg Daily Changeovers CLine:	4.04
Avg Recirculations/Shift:	0.00
Avg Early Pulls for A-Bay Cleanup:	0.01
Avg Mixed Lanes:	0.56
Avg Clean Lanes:	34.44

Carriers	Average	Max	Min
Loaded:	478.22	649	266
Empty:	191.78	404	21

B Line Press States
Production	65.14
DieChange	4.99
NoScheduledRuns	0.49
NoCarriers	0.78
Blocked	0.00
Down	17.49
PlannedDT	11.11

C Line Press States
Production	62.29
DieChange	5.74
NoScheduledRuns	2.78
NoCarriers	0.58
Blocked	0.14
Down	17.51
PlannedDT	10.95

Weld Line 1 Starved
Starved/Day	0.05
Avg Starved Time (min)	1.15
Starved %	0.01

Weld Line 2 Starved
Starved/Day	0.03
Avg Starved Time (min)	0.00
Starved %	0.00
