Weld Production
Weld Line 1 	475.00
Weld Line 2 	474.94

Avg Carrier Wait Time BLine:	0.15
Avg Carrier Wait Time CLine:	0.09
Avg Daily Changeovers BLine:	5.15
Avg Daily Changeovers CLine:	3.94
Avg Recirculations/Shift:	0.01
Avg Early Pulls for A-Bay Cleanup:	0.05
Avg Mixed Lanes:	0.96
Avg Clean Lanes:	34.04

Carriers	Average	Max	Min
Loaded:	482.80	647	236
Empty:	187.20	434	23

B Line Press States
Production	64.42
DieChange	4.77
NoScheduledRuns	1.08
NoCarriers	1.00
Blocked	0.00
Down	17.62
PlannedDT	11.11

C Line Press States
Production	61.89
DieChange	5.39
NoScheduledRuns	3.08
NoCarriers	0.70
Blocked	0.04
Down	17.91
PlannedDT	10.99

Weld Line 1 Starved
Starved/Day	0.10
Avg Starved Time (min)	16.97
Starved %	0.19

Weld Line 2 Starved
Starved/Day	0.03
Avg Starved Time (min)	0.00
Starved %	0.00
