Weld Production
Weld Line 1 	475.00
Weld Line 2 	474.96

Avg Carrier Wait Time BLine:	0.08
Avg Carrier Wait Time CLine:	0.02
Avg Daily Changeovers BLine:	5.17
Avg Daily Changeovers CLine:	4.08
Avg Recirculations/Shift:	0.03
Avg Early Pulls for A-Bay Cleanup:	0.00
Avg Mixed Lanes:	0.91
Avg Clean Lanes:	34.09

Carriers	Average	Max	Min
Loaded:	483.76	641	286
Empty:	186.24	384	29

B Line Press States
Production	64.14
DieChange	4.81
NoScheduledRuns	1.95
NoCarriers	0.36
Blocked	0.00
Down	17.63
PlannedDT	11.11

C Line Press States
Production	62.06
DieChange	5.72
NoScheduledRuns	2.67
NoCarriers	0.59
Blocked	0.00
Down	17.87
PlannedDT	11.10

Weld Line 1 Starved
Starved/Day	0.05
Avg Starved Time (min)	5.91
Starved %	0.03

Weld Line 2 Starved
Starved/Day	0.03
Avg Starved Time (min)	0.00
Starved %	0.00
