Weld Production
Weld Line 1 	475.00
Weld Line 2 	475.00

Avg Carrier Wait Time BLine:	0.12
Avg Carrier Wait Time CLine:	0.02
Avg Daily Changeovers BLine:	5.34
Avg Daily Changeovers CLine:	3.99
Avg Recirculations/Shift:	0.01
Avg Early Pulls for A-Bay Cleanup:	0.05
Avg Mixed Lanes:	0.61
Avg Clean Lanes:	34.39

Carriers	Average	Max	Min
Loaded:	476.12	641	290
Empty:	193.88	380	29

B Line Press States
Production	64.73
DieChange	4.78
NoScheduledRuns	0.34
NoCarriers	0.73
Blocked	0.00
Down	18.31
PlannedDT	11.11

C Line Press States
Production	62.75
DieChange	5.55
NoScheduledRuns	3.23
NoCarriers	0.11
Blocked	0.07
Down	17.29
PlannedDT	11.01

Weld Line 1 Starved
Starved/Day	0.05
Avg Starved Time (min)	11.19
Starved %	0.06

Weld Line 2 Starved
Starved/Day	0.03
Avg Starved Time (min)	0.00
Starved %	0.00
