Weld Production
Weld Line 1 	475.00
Weld Line 2 	475.00

Avg Carrier Wait Time BLine:	0.11
Avg Carrier Wait Time CLine:	0.01
Avg Daily Changeovers BLine:	5.70
Avg Daily Changeovers CLine:	4.05
Avg Recirculations/Shift:	0.06
Avg Early Pulls for A-Bay Cleanup:	0.01
Avg Mixed Lanes:	0.50
Avg Clean Lanes:	34.50

Carriers	Average	Max	Min
Loaded:	445.91	643	257
Empty:	224.09	413	27

B Line Press States
Production	64.94
DieChange	5.19
NoScheduledRuns	0.07
NoCarriers	0.52
Blocked	0.00
Down	18.16
PlannedDT	11.11

C Line Press States
Production	62.38
DieChange	5.72
NoScheduledRuns	2.53
NoCarriers	0.54
Blocked	0.01
Down	17.72
PlannedDT	11.11

Weld Line 1 Starved
Starved/Day	0.03
Avg Starved Time (min)	0.00
Starved %	0.00

Weld Line 2 Starved
Starved/Day	0.03
Avg Starved Time (min)	0.00
Starved %	0.00
