Weld Production
Weld Line 1 	475.00
Weld Line 2 	474.96

Avg Carrier Wait Time BLine:	0.21
Avg Carrier Wait Time CLine:	0.02
Avg Daily Changeovers BLine:	5.16
Avg Daily Changeovers CLine:	3.89
Avg Recirculations/Shift:	0.01
Avg Early Pulls for A-Bay Cleanup:	0.25
Avg Mixed Lanes:	1.78
Avg Clean Lanes:	33.22

Carriers	Average	Max	Min
Loaded:	500.75	640	313
Empty:	169.25	357	30

B Line Press States
Production	63.69
DieChange	4.71
NoScheduledRuns	1.42
NoCarriers	1.59
Blocked	0.00
Down	17.48
PlannedDT	11.11

C Line Press States
Production	61.33
DieChange	5.76
NoScheduledRuns	3.48
NoCarriers	0.85
Blocked	0.04
Down	17.49
PlannedDT	11.05

Weld Line 1 Starved
Starved/Day	0.03
Avg Starved Time (min)	0.00
Starved %	0.00

Weld Line 2 Starved
Starved/Day	0.03
Avg Starved Time (min)	0.00
Starved %	0.00
