Weld Production
Weld Line 1 	475.00
Weld Line 2 	474.96

Avg Carrier Wait Time BLine:	0.13
Avg Carrier Wait Time CLine:	0.04
Avg Daily Changeovers BLine:	5.25
Avg Daily Changeovers CLine:	4.11
Avg Recirculations/Shift:	0.04
Avg Early Pulls for A-Bay Cleanup:	0.07
Avg Mixed Lanes:	1.24
Avg Clean Lanes:	33.76

Carriers	Average	Max	Min
Loaded:	479.26	647	256
Empty:	190.74	414	23

B Line Press States
Production	64.21
DieChange	4.79
NoScheduledRuns	1.35
NoCarriers	0.91
Blocked	0.00
Down	17.63
PlannedDT	11.11

C Line Press States
Production	62.01
DieChange	5.57
NoScheduledRuns	2.36
NoCarriers	1.12
Blocked	0.19
Down	17.79
PlannedDT	10.98

Weld Line 1 Starved
Starved/Day	0.05
Avg Starved Time (min)	1.45
Starved %	0.01

Weld Line 2 Starved
Starved/Day	0.03
Avg Starved Time (min)	0.00
Starved %	0.00
