Weld Production
Weld Line 1 	475.00
Weld Line 2 	474.96

Avg Carrier Wait Time BLine:	0.10
Avg Carrier Wait Time CLine:	0.15
Avg Daily Changeovers BLine:	5.19
Avg Daily Changeovers CLine:	3.89
Avg Recirculations/Shift:	0.00
Avg Early Pulls for A-Bay Cleanup:	0.07
Avg Mixed Lanes:	0.96
Avg Clean Lanes:	34.04

Carriers	Average	Max	Min
Loaded:	495.88	659	286
Empty:	174.12	384	11

B Line Press States
Production	64.67
DieChange	4.72
NoScheduledRuns	1.49
NoCarriers	0.53
Blocked	0.00
Down	17.49
PlannedDT	11.11

C Line Press States
Production	61.23
DieChange	5.63
NoScheduledRuns	2.78
NoCarriers	1.84
Blocked	0.01
Down	17.43
PlannedDT	11.09

Weld Line 1 Starved
Starved/Day	0.13
Avg Starved Time (min)	9.62
Starved %	0.13

Weld Line 2 Starved
Starved/Day	0.03
Avg Starved Time (min)	0.00
Starved %	0.00
