Weld Production
Weld Line 1 	474.90
Weld Line 2 	474.91

Avg Carrier Wait Time BLine:	0.11
Avg Carrier Wait Time CLine:	0.03
Avg Daily Changeovers BLine:	5.54
Avg Daily Changeovers CLine:	4.46
Avg Recirculations/Shift:	0.05
Avg Early Pulls for A-Bay Cleanup:	0.13
Avg Mixed Lanes:	1.12
Avg Clean Lanes:	33.88

Carriers	Average	Max	Min
Loaded:	443.83	640	230
Empty:	226.17	440	30

B Line Press States
Production	64.16
DieChange	5.05
NoScheduledRuns	0.41
NoCarriers	0.54
Blocked	0.00
Down	18.73
PlannedDT	11.11

C Line Press States
Production	61.80
DieChange	6.20
NoScheduledRuns	2.70
NoCarriers	0.84
Blocked	0.13
Down	17.22
PlannedDT	11.11

Weld Line 1 Starved
Starved/Day	0.33
Avg Starved Time (min)	9.88
Starved %	0.35

Weld Line 2 Starved
Starved/Day	0.07
Avg Starved Time (min)	1.30
Starved %	0.01
