Weld Production
Weld Line 1 	475.00
Weld Line 2 	474.90

Avg Carrier Wait Time BLine:	0.09
Avg Carrier Wait Time CLine:	0.01
Avg Daily Changeovers BLine:	5.35
Avg Daily Changeovers CLine:	4.05
Avg Recirculations/Shift:	0.07
Avg Early Pulls for A-Bay Cleanup:	0.09
Avg Mixed Lanes:	1.11
Avg Clean Lanes:	33.89

Carriers	Average	Max	Min
Loaded:	474.77	642	269
Empty:	195.23	401	28

B Line Press States
Production	64.72
DieChange	4.95
NoScheduledRuns	0.27
NoCarriers	0.43
Blocked	0.00
Down	18.53
PlannedDT	11.11

C Line Press States
Production	62.63
DieChange	5.49
NoScheduledRuns	1.92
NoCarriers	0.84
Blocked	0.00
Down	18.08
PlannedDT	11.05

Weld Line 1 Starved
Starved/Day	0.03
Avg Starved Time (min)	0.00
Starved %	0.00

Weld Line 2 Starved
Starved/Day	0.03
Avg Starved Time (min)	0.00
Starved %	0.00
