Weld Production
Weld Line 1 	474.91
Weld Line 2 	474.91

Avg Carrier Wait Time BLine:	0.13
Avg Carrier Wait Time CLine:	0.02
Avg Daily Changeovers BLine:	5.99
Avg Daily Changeovers CLine:	3.98
Avg Recirculations/Shift:	0.03
Avg Early Pulls for A-Bay Cleanup:	0.06
Avg Mixed Lanes:	0.53
Avg Clean Lanes:	34.47

Carriers	Average	Max	Min
Loaded:	431.28	651	236
Empty:	238.72	434	19

B Line Press States
Production	63.98
DieChange	5.38
NoScheduledRuns	0.14
NoCarriers	0.66
Blocked	0.00
Down	18.73
PlannedDT	11.11

C Line Press States
Production	62.08
DieChange	5.62
NoScheduledRuns	3.69
NoCarriers	0.11
Blocked	0.03
Down	17.36
PlannedDT	11.11

Weld Line 1 Starved
Starved/Day	0.07
Avg Starved Time (min)	4.56
Starved %	0.04

Weld Line 2 Starved
Starved/Day	0.23
Avg Starved Time (min)	10.83
Starved %	0.27
